number,value,datetime_start,datetime_complete,duration,params_bias_entry_limit,params_enable_partial_exit,params_ma_long,params_ma_mid,params_ma_short,params_partial_exit_min_profit,params_partial_exit_pct,params_profit_tier1,params_stop_loss_pct,params_trailing_stop_pct,params_trailing_tier1,params_unit_size,state
603,0.048841298643386884,2026-03-11 12:37:51.402575,2026-03-11 12:37:55.167657,0 days 00:00:03.765082,1.23,True,80,32,10,0.15000000000000002,0.3,0.30000000000000004,0.08,0.15,0.18,0.33,COMPLETE
604,0.027843004327887548,2026-03-11 12:37:55.167657,2026-03-11 12:37:58.710335,0 days 00:00:03.542678,1.23,True,140,29,10,0.15000000000000002,0.6,0.30000000000000004,0.08,0.16999999999999998,0.19,0.33,COMPLETE
605,0.03254006992155436,2026-03-11 12:37:58.710335,2026-03-11 12:38:02.451858,0 days 00:00:03.741523,1.23,True,120,30,9,0.15000000000000002,0.6,0.35,0.06,0.16,0.18,0.33,COMPLETE
606,0.02779975245009788,2026-03-11 12:38:02.451858,2026-03-11 12:38:05.835059,0 days 00:00:03.383201,1.09,True,130,32,10,0.15000000000000002,0.6,0.30000000000000004,0.08,0.16999999999999998,0.17,0.33,COMPLETE
607,0.07678542250303641,2026-03-11 12:38:05.835059,2026-03-11 12:38:09.522477,0 days 00:00:03.687418,1.22,True,130,31,10,0.15000000000000002,0.6,0.30000000000000004,0.08,0.16,0.18,0.33,COMPLETE
608,0.042189923794442245,2026-03-11 12:38:09.522477,2026-03-11 12:38:13.016192,0 days 00:00:03.493715,1.22,False,130,30,10,,,0.30000000000000004,0.08,0.18,0.18,0.33,COMPLETE
609,0.02638225213668986,2026-03-11 12:38:13.016192,2026-03-11 12:38:16.648525,0 days 00:00:03.632333,1.23,True,130,30,5,0.15000000000000002,0.6,0.30000000000000004,0.08,0.22,0.18,0.33,COMPLETE
610,0.0263215000293881,2026-03-11 12:38:16.648525,2026-03-11 12:38:20.489712,0 days 00:00:03.841187,1.23,True,130,31,10,0.15000000000000002,0.6,0.30000000000000004,0.03,0.15,0.18,0.33,COMPLETE
611,0.050157091705508965,2026-03-11 12:38:20.489712,2026-03-11 12:38:24.074955,0 days 00:00:03.585243,1.23,True,130,28,10,0.15000000000000002,0.4,0.30000000000000004,0.08,0.16,0.18,0.33,COMPLETE
612,0.054854879295740996,2026-03-11 12:38:24.074955,2026-03-11 12:38:27.687420,0 days 00:00:03.612465,1.23,True,130,27,10,0.15000000000000002,0.6,0.30000000000000004,0.08,0.16,0.19,0.2,COMPLETE
613,0.06493092358361334,2026-03-11 12:38:27.688931,2026-03-11 12:38:31.294973,0 days 00:00:03.606042,1.22,True,130,29,10,0.15000000000000002,0.6,0.30000000000000004,0.08,0.16999999999999998,0.18,0.33,COMPLETE
614,0.033897311051266976,2026-03-11 12:38:31.294973,2026-03-11 12:38:34.965880,0 days 00:00:03.670907,1.24,True,140,30,10,0.15000000000000002,0.5,0.30000000000000004,0.08,0.15,0.13,0.33,COMPLETE
615,0.057439075823260674,2026-03-11 12:38:34.965880,2026-03-11 12:38:38.685165,0 days 00:00:03.719285,1.23,True,120,31,10,0.15000000000000002,0.6,0.30000000000000004,0.08,0.16,0.14,0.33,COMPLETE
616,0.016865558683584123,2026-03-11 12:38:38.686327,2026-03-11 12:38:42.159989,0 days 00:00:03.473662,1.1800000000000002,True,140,29,10,0.1,0.6,0.30000000000000004,0.08,0.29000000000000004,0.18,0.33,COMPLETE
617,0.0697399905753432,2026-03-11 12:38:42.159989,2026-03-11 12:38:45.699859,0 days 00:00:03.539870,1.24,True,130,29,10,0.15000000000000002,0.6,0.4,0.08,0.16,0.18,0.33,COMPLETE
618,0.06472128017863424,2026-03-11 12:38:45.699859,2026-03-11 12:38:49.121973,0 days 00:00:03.422114,1.22,True,120,32,10,0.15000000000000002,0.6,0.30000000000000004,0.08,0.16,0.17,0.33,COMPLETE
619,0.08556674187223916,2026-03-11 12:38:49.121973,2026-03-11 12:38:52.707019,0 days 00:00:03.585046,1.23,True,130,30,10,0.15000000000000002,0.6,0.30000000000000004,0.08,0.16999999999999998,0.16,0.33,COMPLETE
620,0.057140482172060136,2026-03-11 12:38:52.707019,2026-03-11 12:38:56.471217,0 days 00:00:03.764198,1.24,True,130,31,9,0.15000000000000002,0.6,0.30000000000000004,0.08,0.15,0.18,0.33,COMPLETE
621,0.049429432388572336,2026-03-11 12:38:56.471217,2026-03-11 12:39:00.141627,0 days 00:00:03.670410,1.23,True,130,28,10,0.15000000000000002,0.6,0.30000000000000004,0.08,0.16999999999999998,0.19,0.33,COMPLETE
622,0.05590439636732952,2026-03-11 12:39:00.141627,2026-03-11 12:39:03.839631,0 days 00:00:03.698004,1.24,True,130,33,10,0.1,0.6,0.30000000000000004,0.08,0.16,0.18,0.33,COMPLETE
623,0.032631955734295906,2026-03-11 12:39:03.839631,2026-03-11 12:39:07.342312,0 days 00:00:03.502681,1.23,True,140,30,7,0.15000000000000002,0.6,0.30000000000000004,0.05,0.16,0.18,0.33,COMPLETE
624,-0.0048879774450974476,2026-03-11 12:39:07.342312,2026-03-11 12:39:10.159054,0 days 00:00:02.816742,1.1500000000000001,True,40,32,10,0.2,0.6,0.30000000000000004,0.08,0.15,0.12000000000000001,0.33,COMPLETE
625,0.039776683237747065,2026-03-11 12:39:10.159054,2026-03-11 12:39:13.606723,0 days 00:00:03.447669,1.24,True,120,31,10,0.2,0.6,0.30000000000000004,0.08,0.15,0.18,0.33,COMPLETE
626,0.06489702587310557,2026-03-11 12:39:13.606723,2026-03-11 12:39:17.111422,0 days 00:00:03.504699,1.23,True,130,29,10,0.2,0.6,0.30000000000000004,0.08,0.16999999999999998,0.18,0.33,COMPLETE
627,0.03761892323144057,2026-03-11 12:39:17.111422,2026-03-11 12:39:20.686087,0 days 00:00:03.574665,1.22,False,130,28,10,,,0.30000000000000004,0.08,0.16,0.18,0.33,COMPLETE
628,0.08878888647456036,2026-03-11 12:39:20.686087,2026-03-11 12:39:24.138552,0 days 00:00:03.452465,1.24,True,130,30,10,0.2,0.4,0.30000000000000004,0.08,0.16,0.18,0.33,COMPLETE
629,0.07213026569269242,2026-03-11 12:39:24.138552,2026-03-11 12:39:27.779114,0 days 00:00:03.640562,1.23,True,130,31,10,0.15000000000000002,0.6,0.30000000000000004,0.08,0.16,0.17,0.33,COMPLETE
630,0.035242746254348194,2026-03-11 12:39:27.779114,2026-03-11 12:39:31.584429,0 days 00:00:03.805315,1.23,True,140,29,8,0.2,0.6,0.30000000000000004,0.08,0.16999999999999998,0.18,0.33,COMPLETE
631,0.05770861365433908,2026-03-11 12:39:31.584429,2026-03-11 12:39:35.225437,0 days 00:00:03.641008,1.24,True,130,30,10,0.2,0.6,0.30000000000000004,0.08,0.15,0.19,0.33,COMPLETE
632,0.06399891170579915,2026-03-11 12:39:35.225437,2026-03-11 12:39:37.947120,0 days 00:00:02.721683,1.24,True,120,32,10,0.2,0.6,0.30000000000000004,0.08,0.16,0.15000000000000002,0.33,COMPLETE
633,0.05908190432919276,2026-03-11 12:39:37.947120,2026-03-11 12:39:39.975671,0 days 00:00:02.028551,1.23,True,130,29,10,0.2,0.6,0.30000000000000004,0.08,0.16999999999999998,0.18,0.2,COMPLETE
634,0.07678542250303641,2026-03-11 12:39:39.975671,2026-03-11 12:39:41.759167,0 days 00:00:01.783496,1.22,True,130,31,10,0.15000000000000002,0.6,0.30000000000000004,0.08,0.16,0.18,0.33,COMPLETE
635,0.06072804823260072,2026-03-11 12:39:41.759167,2026-03-11 12:39:43.562400,0 days 00:00:01.803233,1.21,True,130,30,9,0.2,0.6,0.30000000000000004,0.08,0.15,0.14,0.33,COMPLETE
636,0.05616439468458728,2026-03-11 12:39:43.562400,2026-03-11 12:39:45.231994,0 days 00:00:01.669594,1.24,True,130,28,10,0.2,0.3,0.30000000000000004,0.08,0.16,0.18,0.33,COMPLETE
637,0.03653982111578693,2026-03-11 12:39:45.231994,2026-03-11 12:39:46.988293,0 days 00:00:01.756299,1.23,True,140,30,10,0.2,0.6,0.30000000000000004,0.08,0.16999999999999998,0.18,0.33,COMPLETE
638,0.028772495212723893,2026-03-11 12:39:46.988293,2026-03-11 12:39:48.637351,0 days 00:00:01.649058,1.17,True,130,30,10,0.2,0.6,0.30000000000000004,0.08,0.15,0.18,0.33,COMPLETE
639,0.044884222208442334,2026-03-11 12:39:48.637351,2026-03-11 12:39:50.320120,0 days 00:00:01.682769,1.22,True,130,29,10,0.15000000000000002,0.6,0.35,0.08,0.22999999999999998,0.18,0.33,COMPLETE
640,0.06703877918099109,2026-03-11 12:39:50.320120,2026-03-11 12:39:52.032223,0 days 00:00:01.712103,1.24,True,130,33,10,0.2,0.6,0.30000000000000004,0.07,0.16,0.1,0.33,COMPLETE
641,0.042770261068667915,2026-03-11 12:39:52.032223,2026-03-11 12:39:53.868818,0 days 00:00:01.836595,1.23,True,140,27,10,0.2,0.6,0.30000000000000004,0.08,0.16,0.17,0.33,COMPLETE
642,0.029000960068254932,2026-03-11 12:39:53.868818,2026-03-11 12:39:55.717975,0 days 00:00:01.849157,1.23,True,150,31,10,0.2,0.6,0.30000000000000004,0.08,0.16,0.19,0.33,COMPLETE
643,0.0622648276238897,2026-03-11 12:39:55.717975,2026-03-11 12:39:57.330973,0 days 00:00:01.612998,1.24,True,130,31,10,0.15000000000000002,0.6,0.30000000000000004,0.08,0.16999999999999998,0.18,0.33,COMPLETE
644,0.021472039549440183,2026-03-11 12:39:57.330973,2026-03-11 12:39:58.892818,0 days 00:00:01.561845,1.11,True,120,32,10,0.2,0.6,0.30000000000000004,0.08,0.15,0.17,0.33,COMPLETE
645,0.06359586165404277,2026-03-11 12:39:58.892818,2026-03-11 12:40:00.618204,0 days 00:00:01.725386,1.23,True,130,29,10,0.2,0.6,0.30000000000000004,0.08,0.18,0.18,0.33,COMPLETE
646,0.11000215638945993,2026-03-11 12:40:00.618204,2026-03-11 12:40:02.325470,0 days 00:00:01.707266,1.22,True,130,30,10,0.2,0.6,0.30000000000000004,0.08,0.16,0.18,0.33,COMPLETE
647,0.04788676642793508,2026-03-11 12:40:02.325470,2026-03-11 12:40:03.970513,0 days 00:00:01.645043,1.22,False,120,30,10,,,0.30000000000000004,0.08,0.16,0.18,0.33,COMPLETE
648,0.08380115282383344,2026-03-11 12:40:03.970513,2026-03-11 12:40:05.591733,0 days 00:00:01.621220,1.21,True,130,29,10,0.15000000000000002,0.6,0.30000000000000004,0.08,0.16,0.19,0.33,COMPLETE
649,0.03715241006909321,2026-03-11 12:40:05.591733,2026-03-11 12:40:07.242250,0 days 00:00:01.650517,1.21,True,130,31,10,0.2,0.3,0.30000000000000004,0.08,0.15,0.18,0.33,COMPLETE
650,0.05815517181540433,2026-03-11 12:40:07.242250,2026-03-11 12:40:08.867117,0 days 00:00:01.624867,1.22,True,130,28,10,0.2,0.6,0.30000000000000004,0.08,0.16,0.13,0.33,COMPLETE
651,0.036544679850588756,2026-03-11 12:40:08.867117,2026-03-11 12:40:10.617377,0 days 00:00:01.750260,1.22,True,140,30,10,0.2,0.6,0.30000000000000004,0.08,0.16999999999999998,0.18,0.33,COMPLETE
652,0.07375709547858626,2026-03-11 12:40:10.617377,2026-03-11 12:40:12.270452,0 days 00:00:01.653075,1.22,True,130,29,10,0.2,0.4,0.30000000000000004,0.08,0.16,0.18,0.33,COMPLETE
653,0.053394068504222646,2026-03-11 12:40:12.270452,2026-03-11 12:40:13.930149,0 days 00:00:01.659697,1.22,True,130,32,10,0.15000000000000002,0.5,0.30000000000000004,0.07,0.15,0.17,0.33,COMPLETE
654,0.05725476895543581,2026-03-11 12:40:13.930149,2026-03-11 12:40:15.525727,0 days 00:00:01.595578,1.23,True,120,30,10,0.2,0.6,0.45,0.08,0.16999999999999998,0.18,0.33,COMPLETE
655,0.06626112690931432,2026-03-11 12:40:15.525727,2026-03-11 12:40:17.160819,0 days 00:00:01.635092,1.21,True,100,30,10,0.2,0.6,0.30000000000000004,0.08,0.16,0.18,0.2,COMPLETE
656,0.07603792203243766,2026-03-11 12:40:17.160819,2026-03-11 12:40:18.833328,0 days 00:00:01.672509,1.23,True,130,31,10,0.2,0.6,0.30000000000000004,0.08,0.16,0.18,0.33,COMPLETE
657,0.04514971339826009,2026-03-11 12:40:18.833328,2026-03-11 12:40:20.461810,0 days 00:00:01.628482,1.22,True,130,37,10,0.15000000000000002,0.6,0.30000000000000004,0.08,0.16999999999999998,0.18,0.33,COMPLETE
658,0.05700365688593556,2026-03-11 12:40:20.461810,2026-03-11 12:40:22.203241,0 days 00:00:01.741431,1.23,True,130,29,10,0.2,0.6,0.30000000000000004,0.08,0.15,0.19,0.33,COMPLETE
659,0.08204639456716185,2026-03-11 12:40:22.203241,2026-03-11 12:40:23.896278,0 days 00:00:01.693037,1.22,True,130,31,10,0.2,0.6,0.30000000000000004,0.08,0.16,0.18,0.33,COMPLETE
660,0.05533769423164756,2026-03-11 12:40:23.896278,2026-03-11 12:40:25.609287,0 days 00:00:01.713009,1.23,True,130,28,10,0.2,0.6,0.30000000000000004,0.08,0.16,0.14,0.33,COMPLETE
661,0.09759770705542244,2026-03-11 12:40:25.609287,2026-03-11 12:40:27.261415,0 days 00:00:01.652128,1.21,True,130,30,10,0.2,0.6,0.30000000000000004,0.08,0.16999999999999998,0.17,0.33,COMPLETE
662,0.04713897400182144,2026-03-11 12:40:27.262401,2026-03-11 12:40:28.922391,0 days 00:00:01.659990,1.21,True,140,27,10,0.2,0.6,0.30000000000000004,0.08,0.16999999999999998,0.17,0.33,COMPLETE
663,0.055516518844589524,2026-03-11 12:40:28.922391,2026-03-11 12:40:30.555803,0 days 00:00:01.633412,1.22,True,120,29,8,0.15000000000000002,0.6,0.30000000000000004,0.08,0.18,0.17,0.33,COMPLETE
664,0.03395597702230925,2026-03-11 12:40:30.555803,2026-03-11 12:40:32.240655,0 days 00:00:01.684852,1.21,True,130,33,9,0.2,0.6,0.30000000000000004,0.08,0.15,0.17,0.33,COMPLETE
665,0.06969709549893538,2026-03-11 12:40:32.240655,2026-03-11 12:40:33.879907,0 days 00:00:01.639252,1.21,True,130,31,10,0.2,0.6,0.30000000000000004,0.08,0.16999999999999998,0.16,0.33,COMPLETE
666,0.01937787711374529,2026-03-11 12:40:33.879907,2026-03-11 12:40:35.524772,0 days 00:00:01.644865,1.21,False,140,30,10,,,0.30000000000000004,0.08,0.16,0.17,0.33,COMPLETE
667,0.0611671199447939,2026-03-11 12:40:35.525772,2026-03-11 12:40:37.138102,0 days 00:00:01.612330,1.2,True,130,32,9,0.2,0.6,0.30000000000000004,0.08,0.16,0.16,0.33,COMPLETE
668,0.06344790400630199,2026-03-11 12:40:37.138102,2026-03-11 12:40:38.935017,0 days 00:00:01.796915,1.21,True,130,30,10,0.1,0.5,0.30000000000000004,0.08,0.15,0.17,0.33,COMPLETE
669,0.05060824245802295,2026-03-11 12:40:38.935017,2026-03-11 12:40:40.642129,0 days 00:00:01.707112,1.22,True,130,26,10,0.15000000000000002,0.6,0.35,0.08,0.16999999999999998,0.17,0.33,COMPLETE
670,0.06932645646922685,2026-03-11 12:40:40.642129,2026-03-11 12:40:42.282850,0 days 00:00:01.640721,1.19,True,120,29,10,0.2,0.6,0.30000000000000004,0.08,0.16,0.17,0.33,COMPLETE
671,0.030391422755488763,2026-03-11 12:40:42.282850,2026-03-11 12:40:44.006400,0 days 00:00:01.723550,1.22,True,140,31,10,0.2,0.6,0.30000000000000004,0.08,0.15,0.17,0.33,COMPLETE
672,0.10687421376385384,2026-03-11 12:40:44.006400,2026-03-11 12:40:45.683998,0 days 00:00:01.677598,1.22,True,130,30,10,0.2,0.6,0.30000000000000004,0.08,0.16,0.15000000000000002,0.33,COMPLETE
673,0.06536277451478775,2026-03-11 12:40:45.683998,2026-03-11 12:40:47.366481,0 days 00:00:01.682483,1.21,True,130,28,10,0.2,0.6,0.30000000000000004,0.08,0.16,0.14,0.33,COMPLETE
674,0.061578823868601223,2026-03-11 12:40:47.366481,2026-03-11 12:40:49.098278,0 days 00:00:01.731797,1.22,True,130,29,10,0.15000000000000002,0.6,0.30000000000000004,0.06,0.16,0.15000000000000002,0.33,COMPLETE
675,0.06942056225842003,2026-03-11 12:40:49.098278,2026-03-11 12:40:50.749205,0 days 00:00:01.650927,1.22,True,130,31,10,0.2,0.6,0.30000000000000004,0.08,0.16999999999999998,0.16,0.33,COMPLETE
676,0.057327461341256804,2026-03-11 12:40:50.749205,2026-03-11 12:40:52.361721,0 days 00:00:01.612516,1.2,True,130,30,10,0.2,0.6,0.30000000000000004,0.08,0.15,0.15000000000000002,0.33,COMPLETE
677,0.06063917315545912,2026-03-11 12:40:52.362840,2026-03-11 12:40:54.637625,0 days 00:00:02.274785,1.21,True,130,32,10,0.2,0.6,0.30000000000000004,0.08,0.16,0.15000000000000002,0.33,COMPLETE
678,0.046405960129602984,2026-03-11 12:40:54.637625,2026-03-11 12:40:56.802007,0 days 00:00:02.164382,1.22,True,120,28,10,0.15000000000000002,0.4,0.30000000000000004,0.08,0.16,0.15000000000000002,0.2,COMPLETE
679,0.06562834268956941,2026-03-11 12:40:56.802007,2026-03-11 12:40:58.670637,0 days 00:00:01.868630,1.22,True,130,30,10,0.2,0.6,0.30000000000000004,0.08,0.15,0.16,0.33,COMPLETE
680,0.03190360418890664,2026-03-11 12:40:58.670637,2026-03-11 12:41:00.515484,0 days 00:00:01.844847,1.21,True,140,31,10,0.2,0.6,0.30000000000000004,0.08,0.16999999999999998,0.16,0.33,COMPLETE
681,0.0632825906960633,2026-03-11 12:41:00.515484,2026-03-11 12:41:02.454515,0 days 00:00:01.939031,1.22,True,130,29,10,0.2,0.6,0.30000000000000004,0.08,0.16999999999999998,0.14,0.33,COMPLETE
682,0.05317224991948694,2026-03-11 12:41:02.454515,2026-03-11 12:41:04.328598,0 days 00:00:01.874083,1.22,True,130,34,10,0.15000000000000002,0.6,0.30000000000000004,0.08,0.16,0.15000000000000002,0.33,COMPLETE
683,0.055763579440273596,2026-03-11 12:41:04.328598,2026-03-11 12:41:06.177247,0 days 00:00:01.848649,1.2,True,130,30,10,0.2,0.6,0.30000000000000004,0.08,0.15,0.13,0.33,COMPLETE
684,0.03942950093624982,2026-03-11 12:41:06.177247,2026-03-11 12:41:08.036716,0 days 00:00:01.859469,1.1400000000000001,True,130,30,10,0.2,0.6,0.30000000000000004,0.08,0.16,0.17,0.33,COMPLETE
685,0.04363048471968891,2026-03-11 12:41:08.036716,2026-03-11 12:41:09.907618,0 days 00:00:01.870902,1.23,True,120,31,10,0.2,0.6,0.30000000000000004,0.08,0.16999999999999998,0.14,0.33,COMPLETE
686,0.03401850304759207,2026-03-11 12:41:09.907618,2026-03-11 12:41:11.774040,0 days 00:00:01.866422,1.23,False,120,29,10,,,0.30000000000000004,0.08,0.16,0.17,0.33,COMPLETE
687,0.04146473442302142,2026-03-11 12:41:11.774040,2026-03-11 12:41:13.595703,0 days 00:00:01.821663,1.23,True,140,32,10,0.2,0.3,0.30000000000000004,0.08,0.16,0.17,0.33,COMPLETE
688,0.07213026569269242,2026-03-11 12:41:13.595703,2026-03-11 12:41:15.442125,0 days 00:00:01.846422,1.23,True,130,31,10,0.15000000000000002,0.6,0.30000000000000004,0.08,0.16,0.16,0.33,COMPLETE
689,0.03894896585583307,2026-03-11 12:41:15.442125,2026-03-11 12:41:17.294575,0 days 00:00:01.852450,1.22,True,110,29,10,0.2,0.6,0.30000000000000004,0.08,0.15,0.13,0.33,COMPLETE
690,0.05764004360006946,2026-03-11 12:41:17.294575,2026-03-11 12:41:19.077416,0 days 00:00:01.782841,1.22,True,130,28,10,0.2,0.6,0.30000000000000004,0.08,0.16999999999999998,0.18,0.33,COMPLETE
691,0.040768508871468045,2026-03-11 12:41:19.077416,2026-03-11 12:41:20.792168,0 days 00:00:01.714752,1.23,True,130,30,10,0.2,0.6,0.30000000000000004,0.08,0.25,0.14,0.33,COMPLETE
692,0.09720493656053115,2026-03-11 12:41:20.792168,2026-03-11 12:41:22.522783,0 days 00:00:01.730615,1.23,True,130,30,10,0.15000000000000002,0.6,0.30000000000000004,0.08,0.16,0.15000000000000002,0.33,COMPLETE
693,0.03590945983619637,2026-03-11 12:41:22.522783,2026-03-11 12:41:24.413942,0 days 00:00:01.891159,1.21,True,130,31,10,0.15000000000000002,0.6,0.30000000000000004,0.07,0.26,0.15000000000000002,0.33,COMPLETE
694,0.06805920971166053,2026-03-11 12:41:24.413942,2026-03-11 12:41:26.409331,0 days 00:00:01.995389,1.22,True,130,30,10,0.15000000000000002,0.6,0.30000000000000004,0.08,0.15,0.15000000000000002,0.33,COMPLETE
695,0.027008981769395785,2026-03-11 12:41:26.409331,2026-03-11 12:41:28.257257,0 days 00:00:01.847926,1.23,True,140,29,10,0.15000000000000002,0.4,0.30000000000000004,0.08,0.16,0.16,0.33,COMPLETE
696,0.061936500857002266,2026-03-11 12:41:28.257257,2026-03-11 12:41:30.055230,0 days 00:00:01.797973,1.23,True,120,33,9,0.15000000000000002,0.6,0.30000000000000004,0.08,0.16,0.15000000000000002,0.33,COMPLETE
697,0.052173097846078646,2026-03-11 12:41:30.055230,2026-03-11 12:41:31.870319,0 days 00:00:01.815089,1.23,True,130,28,10,0.15000000000000002,0.6,0.30000000000000004,0.08,0.16,0.14,0.33,COMPLETE
698,0.05927018020350921,2026-03-11 12:41:31.870319,2026-03-11 12:41:33.668452,0 days 00:00:01.798133,1.22,True,130,31,10,0.15000000000000002,0.6,0.35,0.08,0.18,0.14,0.2,COMPLETE
699,0.05895203188799703,2026-03-11 12:41:33.668452,2026-03-11 12:41:35.505656,0 days 00:00:01.837204,1.23,True,130,29,10,0.15000000000000002,0.6,0.30000000000000004,0.08,0.15,0.15000000000000002,0.33,COMPLETE
700,0.0924790615909723,2026-03-11 12:41:35.505656,2026-03-11 12:41:37.213942,0 days 00:00:01.708286,1.22,True,130,32,10,0.15000000000000002,0.6,0.25,0.08,0.16999999999999998,0.15000000000000002,0.33,COMPLETE
701,0.03981802908372425,2026-03-11 12:41:37.213942,2026-03-11 12:41:39.234169,0 days 00:00:02.020227,1.22,True,140,30,10,0.15000000000000002,0.6,0.30000000000000004,0.08,0.16,0.15000000000000002,0.33,COMPLETE
702,0.0599412895181811,2026-03-11 12:41:39.234169,2026-03-11 12:41:41.025919,0 days 00:00:01.791750,1.23,True,130,31,10,0.15000000000000002,0.6,0.30000000000000004,0.08,0.16999999999999998,0.15000000000000002,0.33,COMPLETE
703,0.029910106143460777,2026-03-11 12:41:41.025919,2026-03-11 12:41:42.862787,0 days 00:00:01.836868,1.23,True,120,30,10,0.15000000000000002,0.6,0.30000000000000004,0.04,0.16,0.15000000000000002,0.33,COMPLETE
704,0.030787362413494654,2026-03-11 12:41:42.862787,2026-03-11 12:41:44.861127,0 days 00:00:01.998340,1.2,True,130,32,10,0.15000000000000002,0.6,0.30000000000000004,0.05,0.15,0.15000000000000002,0.33,COMPLETE
705,0.06593804736345737,2026-03-11 12:41:44.861127,2026-03-11 12:41:46.701155,0 days 00:00:01.840028,1.23,True,130,27,10,0.15000000000000002,0.6,0.30000000000000004,0.08,0.16,0.15000000000000002,0.33,COMPLETE
706,0.037493267096225996,2026-03-11 12:41:46.701155,2026-03-11 12:41:48.421137,0 days 00:00:01.719982,1.23,False,130,29,9,,,0.30000000000000004,0.08,0.16,0.16,0.33,COMPLETE
707,0.054317159780839064,2026-03-11 12:41:48.421137,2026-03-11 12:41:50.213694,0 days 00:00:01.792557,1.22,True,130,29,10,0.1,0.6,0.30000000000000004,0.08,0.16999999999999998,0.15000000000000002,0.33,COMPLETE
708,0.0533028939851042,2026-03-11 12:41:50.213694,2026-03-11 12:41:51.861587,0 days 00:00:01.647893,1.22,True,70,30,6,0.15000000000000002,0.6,0.30000000000000004,0.08,0.16,0.15000000000000002,0.33,COMPLETE
709,0.060234108275556676,2026-03-11 12:41:51.861587,2026-03-11 12:41:54.120333,0 days 00:00:02.258746,1.21,True,130,28,10,0.15000000000000002,0.6,0.30000000000000004,0.08,0.15,0.17,0.33,COMPLETE
710,0.03808291708143259,2026-03-11 12:41:54.120333,2026-03-11 12:41:56.076261,0 days 00:00:01.955928,1.23,True,140,30,10,0.15000000000000002,0.6,0.30000000000000004,0.08,0.16999999999999998,0.17,0.33,COMPLETE
711,0.050047642804391924,2026-03-11 12:41:56.076261,2026-03-11 12:41:57.889259,0 days 00:00:01.812998,1.22,True,130,31,10,0.15000000000000002,0.6,0.30000000000000004,0.08,0.15,0.14,0.33,COMPLETE
712,0.04880269589576295,2026-03-11 12:41:57.889259,2026-03-11 12:41:59.823960,0 days 00:00:01.934701,1.23,True,130,32,4,0.2,0.6,0.30000000000000004,0.08,0.16,0.16,0.33,COMPLETE
713,0.07792103393562598,2026-03-11 12:41:59.823960,2026-03-11 12:42:01.764293,0 days 00:00:01.940333,1.22,True,120,30,10,0.15000000000000002,0.6,0.25,0.08,0.16,0.19,0.33,COMPLETE
714,0.01768378567372367,2026-03-11 12:42:01.765292,2026-03-11 12:42:03.435645,0 days 00:00:01.670353,1.1300000000000001,True,130,31,10,0.2,0.3,0.30000000000000004,0.08,0.18,0.18,0.33,COMPLETE
715,0.04360948520890078,2026-03-11 12:42:03.435645,2026-03-11 12:42:05.433707,0 days 00:00:01.998062,1.23,True,140,23,10,0.2,0.6,0.30000000000000004,0.08,0.16999999999999998,0.15000000000000002,0.33,COMPLETE
