number,value,datetime_start,datetime_complete,duration,params_bias_entry_limit,params_enable_partial_exit,params_ma_long,params_ma_mid,params_ma_short,params_partial_exit_min_profit,params_partial_exit_pct,params_profit_tier1,params_stop_loss_pct,params_trailing_stop_pct,params_trailing_tier1,params_unit_size,state
716,0.023043628190762413,2026-03-11 12:42:05.433707,2026-03-11 12:42:07.401355,0 days 00:00:01.967648,1.23,True,120,29,3,0.2,0.4,0.30000000000000004,0.08,0.15,0.17,0.33,COMPLETE
717,0.06890922543692163,2026-03-11 12:42:07.401355,2026-03-11 12:42:09.122412,0 days 00:00:01.721057,1.21,True,90,28,10,0.2,0.6,0.30000000000000004,0.08,0.16,0.18,0.33,COMPLETE
718,0.058384387347483115,2026-03-11 12:42:09.122412,2026-03-11 12:42:10.969571,0 days 00:00:01.847159,1.23,True,130,31,10,0.2,0.6,0.30000000000000004,0.08,0.16999999999999998,0.14,0.33,COMPLETE
719,0.07335214210920374,2026-03-11 12:42:10.969571,2026-03-11 12:42:12.769032,0 days 00:00:01.799461,1.22,True,130,29,10,0.15000000000000002,0.6,0.30000000000000004,0.08,0.16,0.19,0.33,COMPLETE
720,0.05702059441066513,2026-03-11 12:42:12.769032,2026-03-11 12:42:14.692342,0 days 00:00:01.923310,1.23,True,130,30,10,0.2,0.6,0.30000000000000004,0.08,0.15,0.18,0.2,COMPLETE
721,0.08497425041781317,2026-03-11 12:42:14.692342,2026-03-11 12:42:16.511229,0 days 00:00:01.818887,1.23,True,130,30,10,0.2,0.6,0.30000000000000004,0.08,0.16999999999999998,0.18,0.33,COMPLETE
722,0.042690242957183384,2026-03-11 12:42:16.511229,2026-03-11 12:42:18.401314,0 days 00:00:01.890085,1.22,True,140,32,10,0.15000000000000002,0.6,0.30000000000000004,0.08,0.16,0.18,0.33,COMPLETE
723,0.07244326823938889,2026-03-11 12:42:18.401314,2026-03-11 12:42:20.140049,0 days 00:00:01.738735,1.23,True,130,29,10,0.2,0.5,0.30000000000000004,0.08,0.16,0.18,0.33,COMPLETE
724,0.035138030523505254,2026-03-11 12:42:20.140049,2026-03-11 12:42:21.948570,0 days 00:00:01.808521,1.23,False,130,31,10,,,0.30000000000000004,0.08,0.16,0.17,0.33,COMPLETE
725,0.05690226597717683,2026-03-11 12:42:21.948570,2026-03-11 12:42:23.946606,0 days 00:00:01.998036,1.22,True,130,28,10,0.2,0.6,0.15,0.08,0.15,0.18,0.33,COMPLETE
726,0.09378051746903322,2026-03-11 12:42:23.946606,2026-03-11 12:42:25.789258,0 days 00:00:01.842652,1.24,True,130,30,10,0.2,0.6,0.30000000000000004,0.08,0.16,0.18,0.33,COMPLETE
727,0.02472018795806993,2026-03-11 12:42:25.789258,2026-03-11 12:42:27.676326,0 days 00:00:01.887068,1.19,True,120,27,10,0.1,0.6,0.30000000000000004,0.03,0.16999999999999998,0.18,0.33,COMPLETE
728,0.054563433463503216,2026-03-11 12:42:27.676326,2026-03-11 12:42:29.301848,0 days 00:00:01.625522,1.23,True,50,31,10,0.15000000000000002,0.6,0.30000000000000004,0.08,0.16,0.18,0.33,COMPLETE
729,0.046581987285902814,2026-03-11 12:42:29.301848,2026-03-11 12:42:31.129789,0 days 00:00:01.827941,1.21,True,130,29,9,0.2,0.6,0.30000000000000004,0.08,0.31,0.18,0.33,COMPLETE
730,0.05750119866599601,2026-03-11 12:42:31.130784,2026-03-11 12:42:33.080377,0 days 00:00:01.949593,1.24,True,130,30,10,0.2,0.6,0.30000000000000004,0.08,0.15,0.17,0.33,COMPLETE
731,0.07476694504049002,2026-03-11 12:42:33.080377,2026-03-11 12:42:34.934789,0 days 00:00:01.854412,1.23,True,130,29,10,0.2,0.6,0.30000000000000004,0.08,0.16,0.18,0.33,COMPLETE
732,0.03981802908372425,2026-03-11 12:42:34.934789,2026-03-11 12:42:36.829277,0 days 00:00:01.894488,1.22,True,140,30,10,0.15000000000000002,0.6,0.30000000000000004,0.08,0.16,0.15000000000000002,0.33,COMPLETE
733,0.06056849645623842,2026-03-11 12:42:36.829277,2026-03-11 12:42:38.717951,0 days 00:00:01.888674,1.23,True,130,32,5,0.2,0.6,0.35,0.08,0.16999999999999998,0.19,0.33,COMPLETE
734,0.039776683237747065,2026-03-11 12:42:38.717951,2026-03-11 12:42:40.562208,0 days 00:00:01.844257,1.24,True,120,31,10,0.2,0.6,0.30000000000000004,0.08,0.15,0.18,0.33,COMPLETE
735,0.11000215638945993,2026-03-11 12:42:40.562208,2026-03-11 12:42:42.434905,0 days 00:00:01.872697,1.22,True,130,30,10,0.2,0.6,0.30000000000000004,0.08,0.16,0.18,0.33,COMPLETE
736,0.08194924860295047,2026-03-11 12:42:42.434905,2026-03-11 12:42:44.330346,0 days 00:00:01.895441,1.21,True,130,29,10,0.15000000000000002,0.6,0.30000000000000004,0.08,0.16,0.14,0.33,COMPLETE
737,0.04192380040144591,2026-03-11 12:42:44.330346,2026-03-11 12:42:46.085158,0 days 00:00:01.754812,1.22,True,80,31,10,0.2,0.3,0.30000000000000004,0.07,0.16999999999999998,0.17,0.33,COMPLETE
738,0.02621660923442873,2026-03-11 12:42:46.085158,2026-03-11 12:42:47.851675,0 days 00:00:01.766517,1.21,True,120,33,10,0.2,0.6,0.30000000000000004,0.08,0.15,0.18,0.33,COMPLETE
739,0.03127459325687981,2026-03-11 12:42:47.851675,2026-03-11 12:42:49.833929,0 days 00:00:01.982254,1.22,True,150,30,10,0.2,0.5,0.30000000000000004,0.08,0.16,0.18,0.33,COMPLETE
740,0.0513560968230443,2026-03-11 12:42:49.833929,2026-03-11 12:42:51.714897,0 days 00:00:01.880968,1.22,True,130,28,10,0.15000000000000002,0.6,0.30000000000000004,0.08,0.16999999999999998,0.18,0.33,COMPLETE
741,0.020781803631133546,2026-03-11 12:42:51.714897,2026-03-11 12:42:53.714727,0 days 00:00:01.999830,1.1600000000000001,True,140,29,10,0.2,0.6,0.30000000000000004,0.08,0.16,0.15000000000000002,0.2,COMPLETE
742,0.06810039457029901,2026-03-11 12:42:53.714727,2026-03-11 12:42:55.610943,0 days 00:00:01.896216,1.22,True,130,31,7,0.2,0.6,0.30000000000000004,0.08,0.16,0.19,0.33,COMPLETE
743,0.05942039148840286,2026-03-11 12:42:55.610943,2026-03-11 12:42:57.371328,0 days 00:00:01.760385,1.22,True,130,30,10,0.2,0.6,0.30000000000000004,0.06,0.15,0.11,0.33,COMPLETE
744,0.042018751351354994,2026-03-11 12:42:57.371328,2026-03-11 12:42:59.212227,0 days 00:00:01.840899,1.21,False,130,28,10,,,0.30000000000000004,0.08,0.16,0.18,0.33,COMPLETE
745,0.11476417990255756,2026-03-11 12:42:59.212227,2026-03-11 12:43:00.841408,0 days 00:00:01.629181,1.21,True,130,30,10,0.2,0.6,0.30000000000000004,0.08,0.16,0.17,0.33,COMPLETE
746,0.025208315228724094,2026-03-11 12:43:00.841408,2026-03-11 12:43:02.726219,0 days 00:00:01.884811,1.21,True,140,32,10,0.15000000000000002,0.6,0.30000000000000004,0.08,0.16999999999999998,0.17,0.33,COMPLETE
747,0.04787791054804666,2026-03-11 12:43:02.726219,2026-03-11 12:43:04.694520,0 days 00:00:01.968301,1.2,True,120,21,10,0.2,0.4,0.30000000000000004,0.08,0.15,0.17,0.33,COMPLETE
748,0.006857728669401484,2026-03-11 12:43:04.694520,2026-03-11 12:43:06.339341,0 days 00:00:01.644821,1.21,True,130,45,10,0.2,0.6,0.30000000000000004,0.08,0.16999999999999998,0.17,0.33,COMPLETE
749,0.08401780853170902,2026-03-11 12:43:06.339341,2026-03-11 12:43:08.084138,0 days 00:00:01.744797,1.21,True,130,31,10,0.2,0.6,0.25,0.08,0.16,0.17,0.33,COMPLETE
750,0.09506047391675243,2026-03-11 12:43:08.084138,2026-03-11 12:43:09.794019,0 days 00:00:01.709881,1.21,True,130,30,10,0.15000000000000002,0.6,0.30000000000000004,0.08,0.16,0.16,0.25,COMPLETE
751,0.08031768329823827,2026-03-11 12:43:09.795026,2026-03-11 12:43:11.592569,0 days 00:00:01.797543,1.2,True,130,29,10,0.15000000000000002,0.6,0.30000000000000004,0.08,0.16,0.16,0.25,COMPLETE
752,0.05202392159016226,2026-03-11 12:43:11.592569,2026-03-11 12:43:13.406225,0 days 00:00:01.813656,1.21,True,100,26,10,0.15000000000000002,0.6,0.30000000000000004,0.08,0.15,0.16,0.25,COMPLETE
753,0.09657243162393446,2026-03-11 12:43:13.407225,2026-03-11 12:43:15.178416,0 days 00:00:01.771191,1.2,True,130,30,10,0.15000000000000002,0.6,0.30000000000000004,0.08,0.16,0.16,0.25,COMPLETE
754,0.08031768329823827,2026-03-11 12:43:15.178416,2026-03-11 12:43:17.035555,0 days 00:00:01.857139,1.2,True,130,29,10,0.15000000000000002,0.6,0.35,0.08,0.16,0.16,0.25,COMPLETE
755,0.03731869046720046,2026-03-11 12:43:17.035555,2026-03-11 12:43:18.802292,0 days 00:00:01.766737,1.2,True,140,30,10,0.15000000000000002,0.6,0.30000000000000004,0.08,0.16,0.16,0.25,COMPLETE
756,0.07228742411110088,2026-03-11 12:43:18.802292,2026-03-11 12:43:20.599355,0 days 00:00:01.797063,1.21,True,130,31,10,0.15000000000000002,0.6,0.30000000000000004,0.08,0.16999999999999998,0.16,0.25,COMPLETE
757,0.09506047391675243,2026-03-11 12:43:20.599355,2026-03-11 12:43:22.418437,0 days 00:00:01.819082,1.21,True,130,30,10,0.15000000000000002,0.6,0.30000000000000004,0.08,0.16,0.17,0.25,COMPLETE
758,0.02550604912168467,2026-03-11 12:43:22.418437,2026-03-11 12:43:24.303514,0 days 00:00:01.885077,1.2,True,130,33,10,0.15000000000000002,0.6,0.30000000000000004,0.08,0.15,0.16,0.25,COMPLETE
759,0.08931522573078508,2026-03-11 12:43:24.303514,2026-03-11 12:43:26.170654,0 days 00:00:01.867140,1.2,True,130,30,10,0.15000000000000002,0.3,0.30000000000000004,0.08,0.16999999999999998,0.16,0.25,COMPLETE
760,0.0622420853770728,2026-03-11 12:43:26.170654,2026-03-11 12:43:27.854649,0 days 00:00:01.683995,1.21,True,120,31,9,0.15000000000000002,0.6,0.30000000000000004,0.08,0.16,0.17,0.25,COMPLETE
761,0.05728840222421628,2026-03-11 12:43:27.854649,2026-03-11 12:43:29.619387,0 days 00:00:01.764738,1.21,True,130,29,9,0.15000000000000002,0.6,0.30000000000000004,0.08,0.15,0.17,0.25,COMPLETE
762,0.05333647466348612,2026-03-11 12:43:29.619387,2026-03-11 12:43:31.415201,0 days 00:00:01.795814,1.21,True,130,32,10,0.15000000000000002,0.6,0.30000000000000004,0.08,0.16,0.17,0.25,COMPLETE
763,0.05739789803695319,2026-03-11 12:43:31.415201,2026-03-11 12:43:33.253108,0 days 00:00:01.837907,1.21,True,130,27,10,0.15000000000000002,0.6,0.30000000000000004,0.08,0.16,0.17,0.25,COMPLETE
764,0.029845493787239292,2026-03-11 12:43:33.253108,2026-03-11 12:43:35.082818,0 days 00:00:01.829710,1.2,True,140,28,10,0.15000000000000002,0.6,0.30000000000000004,0.08,0.16999999999999998,0.16,0.25,COMPLETE
765,0.05529619507160992,2026-03-11 12:43:35.082818,2026-03-11 12:43:36.741081,0 days 00:00:01.658263,1.21,True,120,32,10,0.15000000000000002,0.6,0.30000000000000004,0.08,0.18,0.16,0.25,COMPLETE
766,0.0784520951775713,2026-03-11 12:43:36.741081,2026-03-11 12:43:38.597091,0 days 00:00:01.856010,1.21,True,130,30,10,0.15000000000000002,0.6,0.30000000000000004,0.08,0.15,0.17,0.25,COMPLETE
767,0.03850922937664825,2026-03-11 12:43:38.597091,2026-03-11 12:43:40.353619,0 days 00:00:01.756528,1.2,True,130,29,10,0.15000000000000002,0.6,0.30000000000000004,0.08,0.24,0.17,0.2,COMPLETE
768,0.012245044081199868,2026-03-11 12:43:40.353619,2026-03-11 12:43:42.057726,0 days 00:00:01.704107,1.21,False,130,30,10,,,0.30000000000000004,0.08,0.28,0.16,0.25,COMPLETE
769,0.06631257174124353,2026-03-11 12:43:42.057726,2026-03-11 12:43:43.907583,0 days 00:00:01.849857,1.21,True,130,31,10,0.15000000000000002,0.6,0.4,0.08,0.18,0.17,0.25,COMPLETE
770,0.055576180746412636,2026-03-11 12:43:43.907583,2026-03-11 12:43:45.686961,0 days 00:00:01.779378,1.21,True,130,28,10,0.15000000000000002,0.4,0.25,0.08,0.16,0.17,0.25,COMPLETE
771,0.041213792536369385,2026-03-11 12:43:45.686961,2026-03-11 12:43:47.639153,0 days 00:00:01.952192,1.21,True,140,30,10,0.15000000000000002,0.6,0.30000000000000004,0.08,0.16,0.16,0.25,COMPLETE
772,0.07579037262944582,2026-03-11 12:43:47.639153,2026-03-11 12:43:49.534298,0 days 00:00:01.895145,1.21,True,130,31,10,0.15000000000000002,0.6,0.30000000000000004,0.07,0.16,0.17,0.25,COMPLETE
773,0.06489927922116893,2026-03-11 12:43:49.534298,2026-03-11 12:43:51.312345,0 days 00:00:01.778047,1.2,True,120,29,10,0.15000000000000002,0.6,0.30000000000000004,0.08,0.16999999999999998,0.17,0.25,COMPLETE
774,0.03431579485477526,2026-03-11 12:43:51.312345,2026-03-11 12:43:53.333380,0 days 00:00:02.021035,1.21,True,130,32,10,0.15000000000000002,0.6,0.30000000000000004,0.08,0.15,0.17,0.25,COMPLETE
775,0.05723432461925355,2026-03-11 12:43:53.333895,2026-03-11 12:43:55.305065,0 days 00:00:01.971170,1.21,True,60,29,10,0.15000000000000002,0.6,0.30000000000000004,0.08,0.16,0.16,0.25,COMPLETE
776,0.060308250854921565,2026-03-11 12:43:55.305065,2026-03-11 12:43:57.138275,0 days 00:00:01.833210,1.19,True,120,30,10,0.15000000000000002,0.6,0.30000000000000004,0.08,0.16999999999999998,0.15000000000000002,0.25,COMPLETE
777,0.09208230501570461,2026-03-11 12:43:57.138275,2026-03-11 12:43:58.957070,0 days 00:00:01.818795,1.22,True,130,30,10,0.15000000000000002,0.6,0.30000000000000004,0.08,0.16,0.17,0.25,COMPLETE
778,0.05449517213571979,2026-03-11 12:43:58.957070,2026-03-11 12:44:00.628933,0 days 00:00:01.671863,1.22,True,130,31,10,0.15000000000000002,0.6,0.30000000000000004,0.08,0.15,0.17,0.25,COMPLETE
779,0.04725347529909848,2026-03-11 12:44:00.628933,2026-03-11 12:44:02.494919,0 days 00:00:01.865986,1.2,True,130,29,10,0.15000000000000002,0.6,0.30000000000000004,0.05,0.16999999999999998,0.17,0.25,COMPLETE
780,0.014985060170531084,2026-03-11 12:44:02.494919,2026-03-11 12:44:04.193945,0 days 00:00:01.699026,1.21,True,140,31,10,0.15000000000000002,0.5,0.30000000000000004,0.08,0.22,0.15000000000000002,0.25,COMPLETE
781,0.03224443988421258,2026-03-11 12:44:04.193945,2026-03-11 12:44:05.912396,0 days 00:00:01.718451,1.22,True,110,28,10,0.15000000000000002,0.6,0.30000000000000004,0.08,0.32999999999999996,0.15000000000000002,0.25,COMPLETE
782,0.09208230501570461,2026-03-11 12:44:05.912396,2026-03-11 12:44:07.712991,0 days 00:00:01.800595,1.22,True,130,30,10,0.15000000000000002,0.6,0.30000000000000004,0.08,0.16,0.17,0.25,COMPLETE
783,0.07447818867242365,2026-03-11 12:44:07.712991,2026-03-11 12:44:09.495983,0 days 00:00:01.782992,1.22,True,130,31,10,0.15000000000000002,0.6,0.30000000000000004,0.08,0.16,0.16,0.25,COMPLETE
784,0.007269825799556707,2026-03-11 12:44:09.495983,2026-03-11 12:44:11.474573,0 days 00:00:01.978590,1.2,True,120,13,10,0.15000000000000002,0.3,0.30000000000000004,0.08,0.15,0.17,0.25,COMPLETE
785,0.039854021329231874,2026-03-11 12:44:11.474573,2026-03-11 12:44:13.234619,0 days 00:00:01.760046,1.21,False,130,29,10,,,0.30000000000000004,0.08,0.16999999999999998,0.17,0.25,COMPLETE
786,0.05317411632112438,2026-03-11 12:44:13.234619,2026-03-11 12:44:15.025601,0 days 00:00:01.790982,1.22,True,130,28,10,0.15000000000000002,0.6,0.30000000000000004,0.08,0.16,0.17,0.25,COMPLETE
787,0.03766437470444137,2026-03-11 12:44:15.025601,2026-03-11 12:44:16.984886,0 days 00:00:01.959285,1.22,True,140,32,10,0.15000000000000002,0.6,0.30000000000000004,0.08,0.16,0.16,0.25,COMPLETE
788,0.0784520951775713,2026-03-11 12:44:16.984886,2026-03-11 12:44:18.811353,0 days 00:00:01.826467,1.21,True,130,30,10,0.15000000000000002,0.6,0.30000000000000004,0.08,0.15,0.17,0.25,COMPLETE
789,0.07497517455690016,2026-03-11 12:44:18.811353,2026-03-11 12:44:20.583577,0 days 00:00:01.772224,1.22,True,130,31,10,0.15000000000000002,0.5,0.30000000000000004,0.08,0.16,0.15000000000000002,0.25,COMPLETE
790,0.032618807467237276,2026-03-11 12:44:20.583577,2026-03-11 12:44:22.438719,0 days 00:00:01.855142,1.21,True,140,29,10,0.15000000000000002,0.6,0.30000000000000004,0.08,0.16999999999999998,0.16,0.25,COMPLETE
791,0.017845291491552073,2026-03-11 12:44:22.438719,2026-03-11 12:44:24.485702,0 days 00:00:02.046983,1.22,True,120,10,9,0.15000000000000002,0.6,0.30000000000000004,0.08,0.16,0.17,0.2,COMPLETE
792,0.04692096033633573,2026-03-11 12:44:24.485702,2026-03-11 12:44:26.375726,0 days 00:00:01.890024,1.2,True,130,30,9,0.15000000000000002,0.6,0.30000000000000004,0.08,0.15,0.14,0.25,COMPLETE
793,0.06506907333288972,2026-03-11 12:44:26.375726,2026-03-11 12:44:28.150060,0 days 00:00:01.774334,1.22,True,130,30,8,0.15000000000000002,0.6,0.30000000000000004,0.08,0.16,0.17,0.25,COMPLETE
794,0.08654193688137646,2026-03-11 12:44:28.150060,2026-03-11 12:44:29.973796,0 days 00:00:01.823736,1.22,True,130,30,10,0.15000000000000002,0.6,0.35,0.08,0.16999999999999998,0.15000000000000002,0.25,COMPLETE
795,0.04278882778010883,2026-03-11 12:44:29.973796,2026-03-11 12:44:32.006303,0 days 00:00:02.032507,1.22,True,130,35,10,0.15000000000000002,0.6,0.30000000000000004,0.08,0.16,0.14,0.25,COMPLETE
796,0.03431579485477526,2026-03-11 12:44:32.006303,2026-03-11 12:44:33.710933,0 days 00:00:01.704630,1.21,True,130,32,10,0.15000000000000002,0.6,0.30000000000000004,0.08,0.15,0.15000000000000002,0.25,COMPLETE
797,0.06549268194068283,2026-03-11 12:44:33.710933,2026-03-11 12:44:35.462593,0 days 00:00:01.751660,1.22,True,130,29,10,0.1,0.6,0.30000000000000004,0.08,0.16999999999999998,0.17,0.25,COMPLETE
798,0.06277132965921527,2026-03-11 12:44:35.462593,2026-03-11 12:44:37.233565,0 days 00:00:01.770972,1.2,True,130,27,10,0.15000000000000002,0.6,0.30000000000000004,0.08,0.16,0.16,0.25,COMPLETE
799,0.0354192758794613,2026-03-11 12:44:37.233565,2026-03-11 12:44:39.202730,0 days 00:00:01.969165,1.21,True,140,31,10,0.15000000000000002,0.6,0.30000000000000004,0.08,0.16,0.17,0.25,COMPLETE
800,0.06141306881593624,2026-03-11 12:44:39.202730,2026-03-11 12:44:41.087048,0 days 00:00:01.884318,1.22,True,130,29,10,0.15000000000000002,0.6,0.30000000000000004,0.08,0.15,0.17,0.33,COMPLETE
801,0.041153267694442865,2026-03-11 12:44:41.087048,2026-03-11 12:44:42.749790,0 days 00:00:01.662742,1.22,True,120,33,10,0.15000000000000002,0.4,0.30000000000000004,0.08,0.16,0.17,0.33,COMPLETE
802,0.05746338075765388,2026-03-11 12:44:42.749790,2026-03-11 12:44:44.611314,0 days 00:00:01.861524,1.19,True,130,28,10,0.15000000000000002,0.6,0.30000000000000004,0.08,0.32,0.16,0.33,COMPLETE
803,0.009342353364643284,2026-03-11 12:44:44.611314,2026-03-11 12:44:46.351336,0 days 00:00:01.740022,1.21,True,140,40,10,0.15000000000000002,0.6,0.30000000000000004,0.08,0.22999999999999998,0.14,0.33,COMPLETE
804,0.03770863593968882,2026-03-11 12:44:46.351336,2026-03-11 12:44:48.097688,0 days 00:00:01.746352,1.22,False,130,31,10,,,0.30000000000000004,0.08,0.16999999999999998,0.15000000000000002,0.33,COMPLETE
805,0.03548062296794419,2026-03-11 12:44:48.097688,2026-03-11 12:44:49.849282,0 days 00:00:01.751594,1.22,True,130,29,10,0.15000000000000002,0.6,0.30000000000000004,0.08,0.27,0.17,0.33,COMPLETE
806,0.07632392969708411,2026-03-11 12:44:49.849282,2026-03-11 12:44:51.467423,0 days 00:00:01.618141,1.21,True,120,31,10,0.15000000000000002,0.6,0.30000000000000004,0.08,0.16,0.17,0.25,COMPLETE
807,0.06150993503856987,2026-03-11 12:44:51.467423,2026-03-11 12:44:53.335468,0 days 00:00:01.868045,1.22,True,130,30,10,0.15000000000000002,0.3,0.45,0.08,0.15,0.15000000000000002,0.33,COMPLETE
808,0.04616722048814794,2026-03-11 12:44:53.335468,2026-03-11 12:44:55.583775,0 days 00:00:02.248307,1.21,True,130,32,10,0.15000000000000002,0.6,0.30000000000000004,0.08,0.3,0.13,0.33,COMPLETE
809,0.07697609518223976,2026-03-11 12:44:55.583775,2026-03-11 12:44:57.523633,0 days 00:00:01.939858,1.21,True,130,31,10,0.15000000000000002,0.6,0.30000000000000004,0.08,0.16,0.17,0.33,COMPLETE
810,0.0357185040011787,2026-03-11 12:44:57.523633,2026-03-11 12:44:59.371166,0 days 00:00:01.847533,1.2,True,140,30,10,0.15000000000000002,0.6,0.25,0.08,0.16999999999999998,0.14,0.33,COMPLETE
811,0.08192224221538995,2026-03-11 12:44:59.371166,2026-03-11 12:45:01.179121,0 days 00:00:01.807955,1.22,True,130,30,10,0.1,0.6,0.30000000000000004,0.08,0.16,0.16,0.33,COMPLETE
812,0.029357385266278194,2026-03-11 12:45:01.179121,2026-03-11 12:45:03.145370,0 days 00:00:01.966249,1.22,True,120,29,10,0.15000000000000002,0.6,0.30000000000000004,0.07,0.15,0.17,0.2,COMPLETE
813,0.04964257354150273,2026-03-11 12:45:03.145370,2026-03-11 12:45:04.990750,0 days 00:00:01.845380,1.23,True,130,32,10,0.15000000000000002,0.6,0.30000000000000004,0.08,0.29000000000000004,0.12000000000000001,0.33,COMPLETE
814,0.06980799960164616,2026-03-11 12:45:04.990750,2026-03-11 12:45:07.011868,0 days 00:00:02.021118,1.23,True,130,29,10,0.15000000000000002,0.6,0.30000000000000004,0.08,0.16,0.16,0.33,COMPLETE
815,0.05596411251821712,2026-03-11 12:45:07.011868,2026-03-11 12:45:08.899290,0 days 00:00:01.887422,1.22,True,130,27,10,0.15000000000000002,0.6,0.30000000000000004,0.08,0.16,0.17,0.25,COMPLETE
816,0.02585675986305011,2026-03-11 12:45:08.899290,2026-03-11 12:45:10.914209,0 days 00:00:02.014919,1.23,True,140,28,10,0.15000000000000002,0.6,0.30000000000000004,0.08,0.16999999999999998,0.15000000000000002,0.33,COMPLETE
817,0.0630292411818613,2026-03-11 12:45:10.914209,2026-03-11 12:45:12.889467,0 days 00:00:01.975258,1.21,True,130,30,6,0.15000000000000002,0.6,0.30000000000000004,0.08,0.16999999999999998,0.17,0.33,COMPLETE
818,0.07071342910718395,2026-03-11 12:45:12.889467,2026-03-11 12:45:14.690459,0 days 00:00:01.800992,1.22,True,130,30,10,0.15000000000000002,0.6,0.30000000000000004,0.08,0.15,0.17,0.33,COMPLETE
819,0.07213026569269242,2026-03-11 12:45:14.690459,2026-03-11 12:45:16.573681,0 days 00:00:01.883222,1.23,True,130,31,10,0.15000000000000002,0.6,0.30000000000000004,0.08,0.16,0.17,0.33,COMPLETE
820,0.06980799960164616,2026-03-11 12:45:16.573681,2026-03-11 12:45:18.522019,0 days 00:00:01.948338,1.23,True,130,29,10,0.15000000000000002,0.6,0.25,0.08,0.16,0.16,0.33,COMPLETE
821,0.04570009144230914,2026-03-11 12:45:18.522019,2026-03-11 12:45:20.413094,0 days 00:00:01.891075,1.22,True,120,31,10,0.2,0.6,0.30000000000000004,0.08,0.15,0.15000000000000002,0.25,COMPLETE
822,0.06426584261015444,2026-03-11 12:45:20.413094,2026-03-11 12:45:22.296264,0 days 00:00:01.883170,1.17,True,130,28,4,0.2,0.6,0.30000000000000004,0.08,0.16999999999999998,0.14,0.33,COMPLETE
823,0.04638788304276771,2026-03-11 12:45:22.296264,2026-03-11 12:45:24.316498,0 days 00:00:02.020234,1.23,False,120,30,10,,,0.30000000000000004,0.08,0.16,0.17,0.33,COMPLETE
824,0.0803597820005711,2026-03-11 12:45:24.316498,2026-03-11 12:45:26.296883,0 days 00:00:01.980385,1.2,True,130,30,9,0.15000000000000002,0.6,0.30000000000000004,0.08,0.16,0.16,0.33,COMPLETE
825,0.020550508071311712,2026-03-11 12:45:26.296883,2026-03-11 12:45:28.160651,0 days 00:00:01.863768,1.21,True,130,33,10,0.2,0.4,0.30000000000000004,0.04,0.16999999999999998,0.14,0.33,COMPLETE
826,0.030007691726667843,2026-03-11 12:45:28.160651,2026-03-11 12:45:30.185304,0 days 00:00:02.024653,1.22,True,140,29,10,0.2,0.6,0.30000000000000004,0.08,0.15,0.17,0.33,COMPLETE
827,0.07795203982338221,2026-03-11 12:45:30.185304,2026-03-11 12:45:32.063472,0 days 00:00:01.878168,1.23,True,130,32,10,0.2,0.5,0.30000000000000004,0.08,0.16,0.13,0.33,COMPLETE
