number,value,datetime_start,datetime_complete,duration,params_bias_entry_limit,params_enable_partial_exit,params_ma_long,params_ma_mid,params_ma_short,params_partial_exit_min_profit,params_partial_exit_pct,params_profit_tier1,params_stop_loss_pct,params_trailing_stop_pct,params_trailing_tier1,params_unit_size,state
828,0.03370172984481506,2026-03-11 12:45:32.063472,2026-03-11 12:45:33.935585,0 days 00:00:01.872113,1.22,True,140,31,10,0.1,0.6,0.30000000000000004,0.08,0.15,0.15000000000000002,0.33,COMPLETE
829,0.05705288150516033,2026-03-11 12:45:33.935585,2026-03-11 12:45:35.865329,0 days 00:00:01.929744,1.21,True,130,28,9,0.15000000000000002,0.6,0.30000000000000004,0.08,0.16999999999999998,0.17,0.25,COMPLETE
830,,2026-03-11 12:45:35.865329,2026-03-11 12:45:35.871836,0 days 00:00:00.006507,,,30,31,10,,,,,,,,PRUNED
831,0.05352775329030153,2026-03-11 12:45:35.871836,2026-03-11 12:45:37.661622,0 days 00:00:01.789786,1.23,True,120,29,10,0.2,0.6,0.30000000000000004,0.08,0.16,0.16,0.33,COMPLETE
832,0.08534407447467944,2026-03-11 12:45:37.661622,2026-03-11 12:45:39.441859,0 days 00:00:01.780237,1.1800000000000002,True,130,30,10,0.15000000000000002,0.6,0.30000000000000004,0.08,0.16,0.17,0.33,COMPLETE
833,0.06047860323089599,2026-03-11 12:45:39.441859,2026-03-11 12:45:41.170905,0 days 00:00:01.729046,1.23,True,130,31,10,0.2,0.6,0.30000000000000004,0.08,0.16,0.14,0.2,COMPLETE
834,0.08497425041781317,2026-03-11 12:45:41.170905,2026-03-11 12:45:42.899410,0 days 00:00:01.728505,1.23,True,130,30,10,0.2,0.6,0.30000000000000004,0.08,0.16999999999999998,0.17,0.33,COMPLETE
835,0.06996443522303451,2026-03-11 12:45:42.899410,2026-03-11 12:45:44.886027,0 days 00:00:01.986617,1.21,True,130,29,10,0.15000000000000002,0.6,0.30000000000000004,0.08,0.15,0.15000000000000002,0.33,COMPLETE
836,0.07138450429229481,2026-03-11 12:45:44.886027,2026-03-11 12:45:46.834178,0 days 00:00:01.948151,1.22,True,130,31,10,0.2,0.6,0.30000000000000004,0.08,0.16,0.18,0.25,COMPLETE
837,0.05823841043610834,2026-03-11 12:45:46.834178,2026-03-11 12:45:48.671112,0 days 00:00:01.836934,1.19,True,120,29,10,0.2,0.3,0.35,0.08,0.18,0.18,0.33,COMPLETE
838,0.008323165837967,2026-03-11 12:45:48.671112,2026-03-11 12:45:50.564316,0 days 00:00:01.893204,1.22,True,140,49,10,0.15000000000000002,0.6,0.30000000000000004,0.06,0.18,0.18,0.33,COMPLETE
839,0.034766593052639426,2026-03-11 12:45:50.564316,2026-03-11 12:45:52.186201,0 days 00:00:01.621885,1.06,True,130,30,10,0.2,0.6,0.30000000000000004,0.08,0.16,0.17,0.33,COMPLETE
840,0.09366918755450368,2026-03-11 12:45:52.186201,2026-03-11 12:45:54.215773,0 days 00:00:02.029572,1.23,True,130,32,10,0.15000000000000002,0.6,0.30000000000000004,0.08,0.16999999999999998,0.18,0.33,COMPLETE
841,0.060257522980909604,2026-03-11 12:45:54.215773,2026-03-11 12:45:56.210561,0 days 00:00:01.994788,1.23,True,130,30,10,0.2,0.6,0.30000000000000004,0.08,0.15,0.18,0.33,COMPLETE
842,0.062433420508701105,2026-03-11 12:45:56.210561,2026-03-11 12:45:58.111101,0 days 00:00:01.900540,1.21,True,130,28,10,0.2,0.6,0.30000000000000004,0.08,0.16,0.11,0.25,COMPLETE
843,0.02240528840176871,2026-03-11 12:45:58.111101,2026-03-11 12:45:59.972165,0 days 00:00:01.861064,1.22,False,130,34,10,,,0.30000000000000004,0.05,0.16,0.15000000000000002,0.33,COMPLETE
844,0.0633814293015618,2026-03-11 12:45:59.972165,2026-03-11 12:46:01.897956,0 days 00:00:01.925791,1.22,True,130,30,10,0.2,0.6,0.30000000000000004,0.08,0.15,0.18,0.33,COMPLETE
845,0.043462842305714074,2026-03-11 12:46:01.897956,2026-03-11 12:46:03.804580,0 days 00:00:01.906624,1.23,True,140,29,5,0.15000000000000002,0.6,0.30000000000000004,0.08,0.16999999999999998,0.16,0.33,COMPLETE
846,0.05799426035212982,2026-03-11 12:46:03.805578,2026-03-11 12:46:05.774168,0 days 00:00:01.968590,1.22,True,100,32,10,0.2,0.4,0.30000000000000004,0.08,0.16,0.18,0.33,COMPLETE
847,0.06855163220662604,2026-03-11 12:46:05.774168,2026-03-11 12:46:07.599991,0 days 00:00:01.825823,1.2,True,70,28,10,0.15000000000000002,0.6,0.30000000000000004,0.08,0.16,0.17,0.33,COMPLETE
848,0.030735605731889857,2026-03-11 12:46:07.599991,2026-03-11 12:46:09.508455,0 days 00:00:01.908464,1.23,True,150,31,7,0.2,0.6,0.30000000000000004,0.08,0.16,0.18,0.33,COMPLETE
849,0.05465780324950569,2026-03-11 12:46:09.508455,2026-03-11 12:46:11.448691,0 days 00:00:01.940236,1.21,True,120,30,10,0.2,0.6,0.30000000000000004,0.08,0.15,0.1,0.25,COMPLETE
850,0.07213026569269242,2026-03-11 12:46:11.448691,2026-03-11 12:46:13.389508,0 days 00:00:01.940817,1.23,True,130,31,10,0.15000000000000002,0.6,0.30000000000000004,0.08,0.16,0.19,0.33,COMPLETE
851,0.06277888811582899,2026-03-11 12:46:13.389508,2026-03-11 12:46:15.208328,0 days 00:00:01.818820,1.23,True,130,29,10,0.2,0.3,0.30000000000000004,0.08,0.16999999999999998,0.18,0.33,COMPLETE
852,0.051810606676619526,2026-03-11 12:46:15.208328,2026-03-11 12:46:17.175436,0 days 00:00:01.967108,1.22,True,130,29,10,0.15000000000000002,0.6,0.30000000000000004,0.07,0.15,0.17,0.33,COMPLETE
853,0.02893295885793826,2026-03-11 12:46:17.175436,2026-03-11 12:46:18.944925,0 days 00:00:01.769489,1.1500000000000001,True,130,31,10,0.2,0.6,0.30000000000000004,0.08,0.16,0.15000000000000002,0.33,COMPLETE
854,0.07284257866341654,2026-03-11 12:46:18.944925,2026-03-11 12:46:20.823558,0 days 00:00:01.878633,1.23,True,130,30,9,0.15000000000000002,0.6,0.30000000000000004,0.08,0.16,0.17,0.33,COMPLETE
855,0.052404777478033966,2026-03-11 12:46:20.823558,2026-03-11 12:46:22.454941,0 days 00:00:01.631383,1.2,True,50,32,10,0.2,0.6,0.30000000000000004,0.08,0.16999999999999998,0.18,0.2,COMPLETE
856,0.02893836798367297,2026-03-11 12:46:22.454941,2026-03-11 12:46:24.421543,0 days 00:00:01.966602,1.22,True,140,33,10,0.2,0.6,0.30000000000000004,0.08,0.16,0.16,0.25,COMPLETE
857,0.058867235986698505,2026-03-11 12:46:24.421543,2026-03-11 12:46:26.341317,0 days 00:00:01.919774,1.21,True,120,30,10,0.15000000000000002,0.6,0.30000000000000004,0.08,0.15,0.18,0.33,COMPLETE
858,0.046366086850424315,2026-03-11 12:46:26.341317,2026-03-11 12:46:28.241299,0 days 00:00:01.899982,1.23,True,140,27,10,0.2,0.6,0.30000000000000004,0.08,0.16999999999999998,0.18,0.33,COMPLETE
859,0.07374427220351519,2026-03-11 12:46:28.241299,2026-03-11 12:46:30.057899,0 days 00:00:01.816600,1.22,True,130,29,10,0.15000000000000002,0.6,0.30000000000000004,0.08,0.16,0.17,0.33,COMPLETE
860,0.027610520715282322,2026-03-11 12:46:30.057899,2026-03-11 12:46:31.946316,0 days 00:00:01.888417,1.09,True,130,28,10,0.2,0.5,0.30000000000000004,0.08,0.15,0.18,0.33,COMPLETE
861,0.04666783959106214,2026-03-11 12:46:31.946316,2026-03-11 12:46:33.756278,0 days 00:00:01.809962,1.23,False,130,30,10,,,0.35,0.08,0.16,0.14,0.33,COMPLETE
862,0.06211584226069185,2026-03-11 12:46:33.756278,2026-03-11 12:46:35.660858,0 days 00:00:01.904580,1.22,True,120,31,10,0.2,0.6,0.30000000000000004,0.08,0.16,0.18,0.33,COMPLETE
863,0.06842206327862098,2026-03-11 12:46:35.660858,2026-03-11 12:46:37.426033,0 days 00:00:01.765175,1.21,True,130,31,10,0.2,0.6,0.30000000000000004,0.08,0.16999999999999998,0.19,0.25,COMPLETE
864,0.06312177676701555,2026-03-11 12:46:37.426033,2026-03-11 12:46:39.221141,0 days 00:00:01.795108,1.23,True,130,32,10,0.15000000000000002,0.6,0.30000000000000004,0.08,0.21,0.14,0.33,COMPLETE
865,0.07427037561715624,2026-03-11 12:46:39.221141,2026-03-11 12:46:40.983304,0 days 00:00:01.762163,1.2,True,130,28,10,0.2,0.6,0.30000000000000004,0.08,0.16,0.18,0.33,COMPLETE
866,0.03477453160557882,2026-03-11 12:46:40.983304,2026-03-11 12:46:42.926479,0 days 00:00:01.943175,1.22,True,120,29,10,0.2,0.6,0.30000000000000004,0.08,0.15,0.13,0.33,COMPLETE
867,0.08023306010169247,2026-03-11 12:46:42.926479,2026-03-11 12:46:44.772594,0 days 00:00:01.846115,1.23,True,130,30,10,0.15000000000000002,0.4,0.30000000000000004,0.07,0.16999999999999998,0.17,0.33,COMPLETE
868,0.02515696742841969,2026-03-11 12:46:44.772594,2026-03-11 12:46:46.736131,0 days 00:00:01.963537,1.21,True,130,29,10,0.15000000000000002,0.6,0.30000000000000004,0.03,0.16,0.15000000000000002,0.33,COMPLETE
869,0.037170093424068594,2026-03-11 12:46:46.736131,2026-03-11 12:46:48.523040,0 days 00:00:01.786909,1.22,True,140,31,10,0.2,0.6,0.30000000000000004,0.08,0.16,0.18,0.25,COMPLETE
870,0.056049977802865865,2026-03-11 12:46:48.523040,2026-03-11 12:46:50.547101,0 days 00:00:02.024061,1.23,True,130,30,9,0.2,0.6,0.30000000000000004,0.08,0.15,0.17,0.33,COMPLETE
871,0.012897566950833883,2026-03-11 12:46:50.547101,2026-03-11 12:46:52.555909,0 days 00:00:02.008808,1.23,True,130,17,10,0.15000000000000002,0.6,0.30000000000000004,0.08,0.16999999999999998,0.18,0.33,COMPLETE
872,0.08227204577862977,2026-03-11 12:46:52.555909,2026-03-11 12:46:54.688842,0 days 00:00:02.132933,1.21,True,130,31,10,0.2,0.6,0.30000000000000004,0.08,0.16,0.17,0.33,COMPLETE
873,0.03455593494274681,2026-03-11 12:46:54.688842,2026-03-11 12:46:56.607365,0 days 00:00:01.918523,1.23,True,140,30,10,0.15000000000000002,0.6,0.30000000000000004,0.08,0.15,0.18,0.33,COMPLETE
874,0.0430347263005344,2026-03-11 12:46:56.607365,2026-03-11 12:46:58.442557,0 days 00:00:01.835192,1.22,True,120,28,10,0.2,0.6,0.25,0.08,0.16999999999999998,0.16,0.33,COMPLETE
875,0.06761896783039732,2026-03-11 12:46:58.442557,2026-03-11 12:47:00.289664,0 days 00:00:01.847107,1.23,True,130,32,10,0.15000000000000002,0.5,0.30000000000000004,0.08,0.16,0.18,0.25,COMPLETE
876,0.07881809171099952,2026-03-11 12:47:00.289664,2026-03-11 12:47:02.246014,0 days 00:00:01.956350,1.22,True,130,29,10,0.2,0.6,0.30000000000000004,0.08,0.16,0.18,0.33,COMPLETE
877,0.08934000022748416,2026-03-11 12:47:02.246014,2026-03-11 12:47:04.129609,0 days 00:00:01.883595,1.21,True,130,30,10,0.2,0.6,0.30000000000000004,0.08,0.16,0.15000000000000002,0.2,COMPLETE
878,0.06085165703730789,2026-03-11 12:47:04.129609,2026-03-11 12:47:05.665488,0 days 00:00:01.535879,1.05,True,130,29,10,0.1,0.6,0.30000000000000004,0.08,0.15,0.18,0.33,COMPLETE
879,0.08104631929442731,2026-03-11 12:47:05.665488,2026-03-11 12:47:07.445524,0 days 00:00:01.780036,1.22,True,130,31,10,0.15000000000000002,0.6,0.30000000000000004,0.06,0.16999999999999998,0.17,0.33,COMPLETE
880,0.027593213870739732,2026-03-11 12:47:07.445524,2026-03-11 12:47:09.468693,0 days 00:00:02.023169,1.23,False,130,26,10,,,0.30000000000000004,0.08,0.16,0.18,0.33,COMPLETE
881,0.03653982111578693,2026-03-11 12:47:09.468693,2026-03-11 12:47:11.437636,0 days 00:00:01.968943,1.23,True,140,30,10,0.2,0.6,0.30000000000000004,0.08,0.16999999999999998,0.19,0.33,COMPLETE
882,0.05770143603808609,2026-03-11 12:47:11.437636,2026-03-11 12:47:13.226728,0 days 00:00:01.789092,1.22,True,120,29,10,0.2,0.6,0.30000000000000004,0.08,0.16,0.16,0.33,COMPLETE
883,0.04563442659714573,2026-03-11 12:47:13.226728,2026-03-11 12:47:15.288241,0 days 00:00:02.061513,1.21,True,130,27,10,0.2,0.6,0.25,0.08,0.15,0.18,0.25,COMPLETE
884,0.031891523542081045,2026-03-11 12:47:15.288241,2026-03-11 12:47:16.915383,0 days 00:00:01.627142,1.07,True,130,32,10,0.15000000000000002,0.6,0.30000000000000004,0.08,0.16,0.18,0.33,COMPLETE
885,0.09740834471594215,2026-03-11 12:47:16.915383,2026-03-11 12:47:18.749160,0 days 00:00:01.833777,1.23,True,130,30,10,0.15000000000000002,0.6,0.30000000000000004,0.08,0.16,0.14,0.33,COMPLETE
886,0.05114708404467936,2026-03-11 12:47:18.749160,2026-03-11 12:47:20.709381,0 days 00:00:01.960221,1.23,True,130,31,10,0.15000000000000002,0.6,0.30000000000000004,0.08,0.18,0.14,0.33,COMPLETE
887,0.09740834471594215,2026-03-11 12:47:20.709381,2026-03-11 12:47:22.556488,0 days 00:00:01.847107,1.23,True,130,30,10,0.15000000000000002,0.6,0.30000000000000004,0.08,0.16,0.14,0.33,COMPLETE
888,0.037673275854489735,2026-03-11 12:47:22.556488,2026-03-11 12:47:24.529090,0 days 00:00:01.972602,1.23,True,130,28,8,0.15000000000000002,0.4,0.30000000000000004,0.08,0.15,0.14,0.33,COMPLETE
889,0.05919983845355709,2026-03-11 12:47:24.529090,2026-03-11 12:47:26.453901,0 days 00:00:01.924811,1.23,True,120,30,10,0.15000000000000002,0.3,0.30000000000000004,0.08,0.16999999999999998,0.14,0.33,COMPLETE
890,0.07029406260867412,2026-03-11 12:47:26.453901,2026-03-11 12:47:28.209901,0 days 00:00:01.756000,1.23,True,130,29,9,0.15000000000000002,0.6,0.30000000000000004,0.08,0.16,0.14,0.33,COMPLETE
891,0.04117826637890708,2026-03-11 12:47:28.209901,2026-03-11 12:47:30.159033,0 days 00:00:01.949132,1.23,True,140,32,10,0.15000000000000002,0.6,0.30000000000000004,0.08,0.16,0.14,0.33,COMPLETE
892,0.06469012605328625,2026-03-11 12:47:30.159033,2026-03-11 12:47:31.961089,0 days 00:00:01.802056,1.23,True,130,30,10,0.15000000000000002,0.6,0.35,0.08,0.15,0.15000000000000002,0.33,COMPLETE
893,0.038879541256667094,2026-03-11 12:47:31.961089,2026-03-11 12:47:33.902748,0 days 00:00:01.941659,1.23,True,140,33,10,0.15000000000000002,0.6,0.30000000000000004,0.08,0.16999999999999998,0.14,0.33,COMPLETE
894,0.06777453164310487,2026-03-11 12:47:33.902748,2026-03-11 12:47:35.667406,0 days 00:00:01.764658,1.23,True,130,29,10,0.15000000000000002,0.6,0.30000000000000004,0.08,0.16,0.14,0.33,COMPLETE
895,0.06917715696799719,2026-03-11 12:47:35.667406,2026-03-11 12:47:37.589126,0 days 00:00:01.921720,1.23,True,130,31,10,0.15000000000000002,0.6,0.30000000000000004,0.08,0.16,0.14,0.33,COMPLETE
896,0.04939001566188203,2026-03-11 12:47:37.589126,2026-03-11 12:47:39.415646,0 days 00:00:01.826520,1.22,True,120,31,10,0.15000000000000002,0.6,0.30000000000000004,0.08,0.16999999999999998,0.14,0.33,COMPLETE
897,0.05901648839154759,2026-03-11 12:47:39.415646,2026-03-11 12:47:41.379909,0 days 00:00:01.964263,1.23,True,130,29,10,0.15000000000000002,0.6,0.30000000000000004,0.08,0.15,0.14,0.33,COMPLETE
898,0.07597648202964696,2026-03-11 12:47:41.379909,2026-03-11 12:47:43.338370,0 days 00:00:01.958461,1.22,True,120,30,10,0.15000000000000002,0.6,0.30000000000000004,0.08,0.16,0.14,0.33,COMPLETE
899,0.06917715696799719,2026-03-11 12:47:43.338370,2026-03-11 12:47:45.270744,0 days 00:00:01.932374,1.23,True,130,31,10,0.15000000000000002,0.6,0.30000000000000004,0.08,0.16,0.14,0.33,COMPLETE
900,0.02028088995061673,2026-03-11 12:47:45.270744,2026-03-11 12:47:47.190125,0 days 00:00:01.919381,1.22,False,130,28,10,,,0.30000000000000004,0.08,0.26,0.14,0.33,COMPLETE
901,0.03349472896057379,2026-03-11 12:47:47.190125,2026-03-11 12:47:49.078469,0 days 00:00:01.888344,1.23,True,140,30,10,0.15000000000000002,0.6,0.30000000000000004,0.08,0.15,0.14,0.33,COMPLETE
902,0.09166240256741626,2026-03-11 12:47:49.078469,2026-03-11 12:47:50.932102,0 days 00:00:01.853633,1.23,True,130,32,10,0.15000000000000002,0.6,0.30000000000000004,0.08,0.16999999999999998,0.14,0.33,COMPLETE
903,0.06929223515542653,2026-03-11 12:47:50.932102,2026-03-11 12:47:52.748925,0 days 00:00:01.816823,1.22,True,80,29,10,0.15000000000000002,0.6,0.30000000000000004,0.08,0.16,0.13,0.33,COMPLETE
904,0.043887199258567024,2026-03-11 12:47:52.748925,2026-03-11 12:47:54.835831,0 days 00:00:02.086906,1.23,True,110,30,9,0.15000000000000002,0.6,0.30000000000000004,0.08,0.16,0.14,0.33,COMPLETE
905,0.04260385360257559,2026-03-11 12:47:54.835831,2026-03-11 12:47:56.633158,0 days 00:00:01.797327,1.23,True,130,31,10,0.15000000000000002,0.3,0.30000000000000004,0.08,0.15,0.13,0.33,COMPLETE
906,0.05698336338634618,2026-03-11 12:47:56.633158,2026-03-11 12:47:58.498550,0 days 00:00:01.865392,1.22,True,130,27,10,0.15000000000000002,0.4,0.30000000000000004,0.08,0.16999999999999998,0.14,0.33,COMPLETE
907,0.032819007005243095,2026-03-11 12:47:58.498550,2026-03-11 12:48:00.459446,0 days 00:00:01.960896,1.23,True,130,28,3,0.15000000000000002,0.6,0.30000000000000004,0.08,0.16,0.14,0.33,COMPLETE
908,0.03384752311967325,2026-03-11 12:48:00.459446,2026-03-11 12:48:02.290303,0 days 00:00:01.830857,1.22,True,140,30,10,0.15000000000000002,0.6,0.2,0.08,0.15,0.14,0.33,COMPLETE
909,0.04369614333662091,2026-03-11 12:48:02.290303,2026-03-11 12:48:04.148725,0 days 00:00:01.858422,1.23,True,120,32,7,0.15000000000000002,0.6,0.30000000000000004,0.08,0.16999999999999998,0.14,0.33,COMPLETE
910,0.06777453164310487,2026-03-11 12:48:04.148725,2026-03-11 12:48:06.045210,0 days 00:00:01.896485,1.23,True,130,29,10,0.15000000000000002,0.6,0.30000000000000004,0.08,0.16,0.14,0.33,COMPLETE
911,0.07397523176449564,2026-03-11 12:48:06.045210,2026-03-11 12:48:07.823173,0 days 00:00:01.777963,1.22,True,130,31,10,0.15000000000000002,0.6,0.30000000000000004,0.08,0.16,0.13,0.33,COMPLETE
912,0.023924250542289936,2026-03-11 12:48:07.823173,2026-03-11 12:48:09.616267,0 days 00:00:01.793094,1.1300000000000001,True,130,29,10,0.1,0.6,0.30000000000000004,0.08,0.16,0.14,0.33,COMPLETE
913,0.0644842941946924,2026-03-11 12:48:09.616267,2026-03-11 12:48:11.487982,0 days 00:00:01.871715,1.23,True,130,30,10,0.15000000000000002,0.6,0.30000000000000004,0.08,0.15,0.14,0.33,COMPLETE
914,0.03443544934535072,2026-03-11 12:48:11.487982,2026-03-11 12:48:13.115016,0 days 00:00:01.627034,1.22,True,60,31,10,0.15000000000000002,0.6,0.30000000000000004,0.08,0.16,0.14,0.2,COMPLETE
915,0.06330229256153654,2026-03-11 12:48:13.115016,2026-03-11 12:48:15.071476,0 days 00:00:01.956460,1.23,True,130,29,10,0.15000000000000002,0.6,0.30000000000000004,0.08,0.16999999999999998,0.15000000000000002,0.33,COMPLETE
916,0.021650039220070628,2026-03-11 12:48:15.071476,2026-03-11 12:48:16.993218,0 days 00:00:01.921742,1.23,True,140,30,10,0.2,0.6,0.30000000000000004,0.08,0.25,0.14,0.33,COMPLETE
917,0.05546758130440051,2026-03-11 12:48:16.993218,2026-03-11 12:48:18.869919,0 days 00:00:01.876701,1.23,True,120,31,10,0.15000000000000002,0.6,0.30000000000000004,0.08,0.16,0.15000000000000002,0.33,COMPLETE
918,0.0291515018178572,2026-03-11 12:48:18.869919,2026-03-11 12:48:20.723021,0 days 00:00:01.853102,1.1400000000000001,True,130,28,10,0.2,0.6,0.30000000000000004,0.08,0.15,0.15000000000000002,0.33,COMPLETE
919,0.013252511696049794,2026-03-11 12:48:20.723021,2026-03-11 12:48:22.469045,0 days 00:00:01.746024,1.22,False,130,33,10,,,0.35,0.08,0.24,0.14,0.33,COMPLETE
920,0.09938050145572196,2026-03-11 12:48:22.469045,2026-03-11 12:48:24.422458,0 days 00:00:01.953413,1.23,True,130,30,10,0.2,0.6,0.30000000000000004,0.08,0.16,0.13,0.33,COMPLETE
921,0.07886451887984083,2026-03-11 12:48:24.422458,2026-03-11 12:48:26.213839,0 days 00:00:01.791381,1.23,True,130,30,10,0.2,0.6,0.30000000000000004,0.08,0.16999999999999998,0.12000000000000001,0.33,COMPLETE
922,0.07539771624158434,2026-03-11 12:48:26.213839,2026-03-11 12:48:27.917109,0 days 00:00:01.703270,1.23,True,130,31,10,0.2,0.5,0.30000000000000004,0.07,0.16,0.13,0.33,COMPLETE
923,0.02038608049853931,2026-03-11 12:48:27.917109,2026-03-11 12:48:29.748453,0 days 00:00:01.831344,1.12,True,140,19,8,0.2,0.6,0.30000000000000004,0.08,0.16,0.15000000000000002,0.33,COMPLETE
924,0.06441717094248486,2026-03-11 12:48:29.748453,2026-03-11 12:48:31.719545,0 days 00:00:01.971092,1.23,True,120,32,10,0.2,0.6,0.30000000000000004,0.08,0.16999999999999998,0.12000000000000001,0.33,COMPLETE
925,0.0547562284834799,2026-03-11 12:48:31.719545,2026-03-11 12:48:33.539566,0 days 00:00:01.820021,1.23,True,130,29,10,0.2,0.6,0.30000000000000004,0.08,0.15,0.13,0.33,COMPLETE
926,0.05459142664038018,2026-03-11 12:48:33.539566,2026-03-11 12:48:35.366451,0 days 00:00:01.826885,1.23,True,130,28,10,0.2,0.6,0.30000000000000004,0.08,0.16,0.13,0.33,COMPLETE
927,0.058606363323776646,2026-03-11 12:48:35.367471,2026-03-11 12:48:37.182350,0 days 00:00:01.814879,1.23,True,130,30,10,0.2,0.6,0.30000000000000004,0.08,0.15,0.12000000000000001,0.33,COMPLETE
928,0.018100872870176865,2026-03-11 12:48:37.182350,2026-03-11 12:48:39.123551,0 days 00:00:01.941201,1.22,True,130,31,10,0.2,0.6,0.30000000000000004,0.04,0.22999999999999998,0.19,0.33,COMPLETE
929,0.06294872517029215,2026-03-11 12:48:39.123551,2026-03-11 12:48:40.965640,0 days 00:00:01.842089,1.23,True,130,29,10,0.2,0.6,0.30000000000000004,0.08,0.16999999999999998,0.15000000000000002,0.33,COMPLETE
930,0.056036805858008014,2026-03-11 12:48:40.965640,2026-03-11 12:48:42.876685,0 days 00:00:01.911045,1.22,True,120,29,10,0.2,0.6,0.30000000000000004,0.08,0.16,0.12000000000000001,0.33,COMPLETE
931,0.059535501346454016,2026-03-11 12:48:42.876685,2026-03-11 12:48:44.825707,0 days 00:00:01.949022,1.23,True,130,30,10,0.2,0.6,0.30000000000000004,0.08,0.15,0.13,0.33,COMPLETE
932,0.028308841463591135,2026-03-11 12:48:44.825707,2026-03-11 12:48:46.719205,0 days 00:00:01.893498,1.23,True,140,31,10,0.2,0.6,0.30000000000000004,0.08,0.18,0.13,0.33,COMPLETE
933,0.07627093996901159,2026-03-11 12:48:46.719205,2026-03-11 12:48:48.506661,0 days 00:00:01.787456,1.23,True,130,32,10,0.2,0.4,0.30000000000000004,0.08,0.16,0.15000000000000002,0.33,COMPLETE
934,0.010631283152267298,2026-03-11 12:48:48.506661,2026-03-11 12:48:50.255639,0 days 00:00:01.748978,1.1,True,130,28,6,0.2,0.6,0.30000000000000004,0.08,0.16999999999999998,0.14,0.33,COMPLETE
935,0.07437655466205585,2026-03-11 12:48:50.255639,2026-03-11 12:48:52.026572,0 days 00:00:01.770933,1.23,True,130,29,10,0.2,0.6,0.30000000000000004,0.08,0.16,0.19,0.33,COMPLETE
936,0.04885314165583757,2026-03-11 12:48:52.026572,2026-03-11 12:48:54.352429,0 days 00:00:02.325857,1.22,True,120,24,9,0.2,0.5,0.30000000000000004,0.06,0.16,0.13,0.33,COMPLETE
937,0.09938050145572196,2026-03-11 12:48:54.352429,2026-03-11 12:48:56.362135,0 days 00:00:02.009706,1.23,True,130,30,10,0.2,0.6,0.30000000000000004,0.08,0.16,0.13,0.33,COMPLETE
938,0.013694809930553345,2026-03-11 12:48:56.362135,2026-03-11 12:48:58.100712,0 days 00:00:01.738577,1.23,False,140,31,10,,,0.30000000000000004,0.08,0.16999999999999998,0.13,0.33,COMPLETE
939,0.0476227702851707,2026-03-11 12:48:58.100712,2026-03-11 12:49:00.059534,0 days 00:00:01.958822,1.23,True,130,29,9,0.2,0.3,0.30000000000000004,0.08,0.15,0.14,0.33,COMPLETE
940,0.07198733296564329,2026-03-11 12:49:00.059534,2026-03-11 12:49:01.867883,0 days 00:00:01.808349,1.24,True,130,32,10,0.2,0.6,0.30000000000000004,0.08,0.16,0.13,0.33,COMPLETE
941,0.08915344043111124,2026-03-11 12:49:01.867883,2026-03-11 12:49:03.817385,0 days 00:00:01.949502,1.24,True,130,30,10,0.2,0.6,0.30000000000000004,0.08,0.16,0.13,0.33,COMPLETE
