number,value,datetime_start,datetime_complete,duration,params_bias_entry_limit,params_enable_partial_exit,params_ma_long,params_ma_mid,params_ma_short,params_partial_exit_min_profit,params_partial_exit_pct,params_profit_tier1,params_stop_loss_pct,params_trailing_stop_pct,params_trailing_tier1,params_unit_size,state
488,0.028151922533457132,2026-03-11 12:32:21.691650,2026-03-11 12:32:23.326544,0 days 00:00:01.634894,1.24,True,120,30,10,0.2,0.6,0.30000000000000004,0.08,0.22,0.18,0.33,COMPLETE
489,0.10452319976091247,2026-03-11 12:32:23.326544,2026-03-11 12:32:24.930478,0 days 00:00:01.603934,1.23,True,130,30,10,0.2,0.6,0.30000000000000004,0.08,0.16,0.18,0.33,COMPLETE
490,0.040891389565595467,2026-03-11 12:32:24.930478,2026-03-11 12:32:26.484796,0 days 00:00:01.554318,1.22,False,130,31,10,,,0.30000000000000004,0.08,0.15,0.19,0.33,COMPLETE
491,0.042770261068667915,2026-03-11 12:32:26.484796,2026-03-11 12:32:28.078424,0 days 00:00:01.593628,1.23,True,140,27,10,0.2,0.6,0.30000000000000004,0.08,0.16,0.17,0.33,COMPLETE
492,0.07603792203243766,2026-03-11 12:32:28.078424,2026-03-11 12:32:29.629468,0 days 00:00:01.551044,1.23,True,130,31,10,0.2,0.6,0.30000000000000004,0.08,0.16,0.18,0.33,COMPLETE
493,0.05726169566072529,2026-03-11 12:32:29.629468,2026-03-11 12:32:31.259539,0 days 00:00:01.630071,1.23,True,130,29,10,0.2,0.6,0.30000000000000004,0.08,0.15,0.16,0.33,COMPLETE
494,0.03540319145558909,2026-03-11 12:32:31.259539,2026-03-11 12:32:32.836175,0 days 00:00:01.576636,1.23,True,90,31,10,0.2,0.5,0.30000000000000004,0.08,0.16999999999999998,0.18,0.33,COMPLETE
495,0.005386442880695108,2026-03-11 12:32:32.836175,2026-03-11 12:32:34.363057,0 days 00:00:01.526882,1.22,True,130,50,10,0.2,0.6,0.30000000000000004,0.07,0.16,0.18,0.33,COMPLETE
496,0.05406495466693193,2026-03-11 12:32:34.363057,2026-03-11 12:32:36.008873,0 days 00:00:01.645816,1.23,True,120,30,7,0.2,0.6,0.30000000000000004,0.08,0.16,0.18,0.33,COMPLETE
497,0.057696662300852075,2026-03-11 12:32:36.008873,2026-03-11 12:32:37.610659,0 days 00:00:01.601786,1.24,True,130,29,10,0.2,0.6,0.35,0.07,0.16999999999999998,0.18,0.33,COMPLETE
498,0.10452319976091247,2026-03-11 12:32:37.610659,2026-03-11 12:32:39.162988,0 days 00:00:01.552329,1.23,True,130,30,10,0.2,0.6,0.30000000000000004,0.08,0.16,0.18,0.33,COMPLETE
499,0.05395805272776098,2026-03-11 12:32:39.162988,2026-03-11 12:32:40.802972,0 days 00:00:01.639984,1.22,True,130,28,10,0.2,0.6,0.30000000000000004,0.08,0.15,0.17,0.33,COMPLETE
500,0.0433106561670213,2026-03-11 12:32:40.802972,2026-03-11 12:32:42.192414,0 days 00:00:01.389442,1.23,True,50,33,10,0.2,0.6,0.30000000000000004,0.08,0.16999999999999998,0.18,0.33,COMPLETE
501,0.07936684134360279,2026-03-11 12:32:42.192414,2026-03-11 12:32:43.839639,0 days 00:00:01.647225,1.23,True,130,32,10,0.2,0.6,0.30000000000000004,0.08,0.16,0.18,0.33,COMPLETE
502,0.03958333148696023,2026-03-11 12:32:43.839639,2026-03-11 12:32:45.497002,0 days 00:00:01.657363,1.23,True,140,30,10,0.15000000000000002,0.6,0.30000000000000004,0.08,0.16,0.19,0.33,COMPLETE
503,0.03415796450954028,2026-03-11 12:32:45.497002,2026-03-11 12:32:47.176284,0 days 00:00:01.679282,1.22,True,120,31,9,0.2,0.6,0.30000000000000004,0.08,0.15,0.18,0.2,COMPLETE
504,0.07476694504049002,2026-03-11 12:32:47.176284,2026-03-11 12:32:48.820283,0 days 00:00:01.643999,1.23,True,130,29,10,0.2,0.6,0.30000000000000004,0.08,0.16,0.18,0.33,COMPLETE
505,0.08454604874386423,2026-03-11 12:32:48.820283,2026-03-11 12:32:50.391531,0 days 00:00:01.571248,1.23,True,130,30,10,0.2,0.6,0.30000000000000004,0.08,0.16999999999999998,0.19,0.33,COMPLETE
506,0.06729729647710263,2026-03-11 12:32:50.391531,2026-03-11 12:32:51.968282,0 days 00:00:01.576751,1.24,True,130,32,9,0.2,0.6,0.30000000000000004,0.08,0.16,0.18,0.33,COMPLETE
507,0.03432561748894774,2026-03-11 12:32:51.968282,2026-03-11 12:32:53.633819,0 days 00:00:01.665537,1.24,True,140,30,10,0.2,0.6,0.30000000000000004,0.08,0.15,0.18,0.33,COMPLETE
508,0.07440717655866742,2026-03-11 12:32:53.633819,2026-03-11 12:32:55.321039,0 days 00:00:01.687220,1.22,True,130,31,10,0.2,0.3,0.35,0.08,0.16,0.16,0.33,COMPLETE
509,0.026444368131024767,2026-03-11 12:32:55.321039,2026-03-11 12:32:56.895033,0 days 00:00:01.573994,1.23,False,120,29,10,,,0.30000000000000004,0.08,0.16999999999999998,0.18,0.33,COMPLETE
510,0.0908076619436091,2026-03-11 12:32:56.895033,2026-03-11 12:32:58.609357,0 days 00:00:01.714324,1.24,True,130,30,10,0.2,0.6,0.30000000000000004,0.08,0.16,0.15000000000000002,0.33,COMPLETE
511,0.0591086627550433,2026-03-11 12:32:58.609357,2026-03-11 12:33:00.258562,0 days 00:00:01.649205,1.24,True,130,28,10,0.2,0.6,0.30000000000000004,0.08,0.16,0.15000000000000002,0.33,COMPLETE
512,0.06070560062046866,2026-03-11 12:33:00.258562,2026-03-11 12:33:01.817778,0 days 00:00:01.559216,1.23,True,130,31,10,0.2,0.6,0.30000000000000004,0.08,0.16999999999999998,0.17,0.33,COMPLETE
513,0.020894983556264523,2026-03-11 12:33:01.817778,2026-03-11 12:33:03.415468,0 days 00:00:01.597690,1.23,True,150,29,10,0.2,0.6,0.30000000000000004,0.08,0.16,0.15000000000000002,0.33,COMPLETE
514,0.03565090096725283,2026-03-11 12:33:03.415468,2026-03-11 12:33:04.999174,0 days 00:00:01.583706,1.24,True,130,26,10,0.2,0.6,0.30000000000000004,0.08,0.15,0.18,0.33,COMPLETE
515,0.10171492258685932,2026-03-11 12:33:04.999174,2026-03-11 12:33:06.579393,0 days 00:00:01.580219,1.23,True,130,30,10,0.2,0.6,0.30000000000000004,0.08,0.16,0.14,0.33,COMPLETE
516,0.059075243965414574,2026-03-11 12:33:06.579393,2026-03-11 12:33:08.230729,0 days 00:00:01.651336,1.22,True,130,28,10,0.2,0.6,0.30000000000000004,0.08,0.16,0.14,0.33,COMPLETE
517,0.031798076515414844,2026-03-11 12:33:08.230729,2026-03-11 12:33:09.863715,0 days 00:00:01.632986,1.23,True,140,32,10,0.2,0.6,0.30000000000000004,0.08,0.15,0.13,0.33,COMPLETE
518,0.06046087092011972,2026-03-11 12:33:09.863715,2026-03-11 12:33:11.478624,0 days 00:00:01.614909,1.22,True,120,31,10,0.2,0.6,0.30000000000000004,0.08,0.16,0.15000000000000002,0.33,COMPLETE
519,0.06365699124522975,2026-03-11 12:33:11.478624,2026-03-11 12:33:13.047411,0 days 00:00:01.568787,1.23,True,130,29,10,0.2,0.6,0.30000000000000004,0.08,0.16999999999999998,0.14,0.33,COMPLETE
520,0.05540476060285455,2026-03-11 12:33:13.047411,2026-03-11 12:33:14.587555,0 days 00:00:01.540144,1.23,True,130,30,9,0.2,0.6,0.30000000000000004,0.08,0.18,0.14,0.33,COMPLETE
521,0.10171492258685932,2026-03-11 12:33:14.587555,2026-03-11 12:33:16.169921,0 days 00:00:01.582366,1.23,True,130,30,10,0.2,0.6,0.30000000000000004,0.08,0.16,0.14,0.33,COMPLETE
522,0.036053895428758025,2026-03-11 12:33:16.170922,2026-03-11 12:33:17.729831,0 days 00:00:01.558909,1.23,True,100,29,10,0.1,0.4,0.30000000000000004,0.08,0.16999999999999998,0.14,0.33,COMPLETE
523,0.06316209786568977,2026-03-11 12:33:17.729831,2026-03-11 12:33:19.370746,0 days 00:00:01.640915,1.22,True,130,30,10,0.2,0.6,0.30000000000000004,0.08,0.15,0.14,0.33,COMPLETE
524,0.07905799695789967,2026-03-11 12:33:19.370746,2026-03-11 12:33:20.965383,0 days 00:00:01.594637,1.22,True,130,31,10,0.2,0.6,0.30000000000000004,0.08,0.16,0.13,0.33,COMPLETE
525,0.0286767459215249,2026-03-11 12:33:20.965383,2026-03-11 12:33:22.619181,0 days 00:00:01.653798,1.23,True,140,33,10,0.2,0.6,0.30000000000000004,0.08,0.15,0.14,0.2,COMPLETE
526,0.06704057526164135,2026-03-11 12:33:22.619181,2026-03-11 12:33:24.238766,0 days 00:00:01.619585,1.23,True,120,27,10,0.2,0.3,0.30000000000000004,0.08,0.16,0.14,0.33,COMPLETE
527,0.07299386782337647,2026-03-11 12:33:24.238766,2026-03-11 12:33:25.774280,0 days 00:00:01.535514,1.23,True,130,31,10,0.2,0.6,0.30000000000000004,0.08,0.16,0.14,0.33,COMPLETE
528,0.02621302938162822,2026-03-11 12:33:25.774280,2026-03-11 12:33:27.242037,0 days 00:00:01.467757,1.11,True,130,29,10,0.2,0.6,0.30000000000000004,0.08,0.16999999999999998,0.17,0.33,COMPLETE
529,0.048627480078709054,2026-03-11 12:33:27.242037,2026-03-11 12:33:29.306929,0 days 00:00:02.064892,1.22,True,130,28,10,0.2,0.6,0.30000000000000004,0.05,0.16,0.14,0.33,COMPLETE
530,0.020480069606074337,2026-03-11 12:33:29.306929,2026-03-11 12:33:33.866984,0 days 00:00:04.560055,1.23,True,130,18,10,0.2,0.6,0.30000000000000004,0.08,0.15,0.13,0.33,COMPLETE
531,0.03512690085631963,2026-03-11 12:33:33.866984,2026-03-11 12:33:37.812122,0 days 00:00:03.945138,1.23,False,130,32,7,,,0.30000000000000004,0.08,0.16999999999999998,0.14,0.33,COMPLETE
532,0.09100196677013286,2026-03-11 12:33:37.812122,2026-03-11 12:33:41.619586,0 days 00:00:03.807464,1.24,True,130,30,10,0.2,0.6,0.30000000000000004,0.08,0.16,0.14,0.33,COMPLETE
533,0.04174556209023999,2026-03-11 12:33:41.620581,2026-03-11 12:33:45.273019,0 days 00:00:03.652438,1.24,True,140,30,10,0.2,0.6,0.30000000000000004,0.08,0.16,0.13,0.33,COMPLETE
534,0.02963953443991285,2026-03-11 12:33:45.273019,2026-03-11 12:33:48.938126,0 days 00:00:03.665107,1.23,True,130,31,10,0.2,0.6,0.30000000000000004,0.08,0.35,0.14,0.33,COMPLETE
535,0.04393589032616212,2026-03-11 12:33:48.938126,2026-03-11 12:33:52.878434,0 days 00:00:03.940308,1.24,True,120,29,10,0.2,0.6,0.30000000000000004,0.08,0.16999999999999998,0.2,0.33,COMPLETE
536,0.06316209786568977,2026-03-11 12:33:52.878434,2026-03-11 12:33:56.700465,0 days 00:00:03.822031,1.22,True,130,30,10,0.2,0.6,0.30000000000000004,0.08,0.15,0.14,0.33,COMPLETE
537,0.05003787809695932,2026-03-11 12:33:56.700465,2026-03-11 12:34:00.634512,0 days 00:00:03.934047,1.1800000000000002,True,130,32,10,0.2,0.6,0.30000000000000004,0.08,0.18,0.19,0.33,COMPLETE
538,0.03163673152293772,2026-03-11 12:34:00.634512,2026-03-11 12:34:04.524807,0 days 00:00:03.890295,1.24,True,140,29,10,0.2,0.6,0.30000000000000004,0.08,0.16,0.18,0.33,COMPLETE
539,0.07603792203243766,2026-03-11 12:34:04.524807,2026-03-11 12:34:08.055454,0 days 00:00:03.530647,1.23,True,130,31,10,0.2,0.6,0.30000000000000004,0.08,0.16,0.17,0.33,COMPLETE
540,0.03614185212579485,2026-03-11 12:34:08.055454,2026-03-11 12:34:11.943106,0 days 00:00:03.887652,1.24,True,130,28,10,0.2,0.6,0.30000000000000004,0.08,0.24,0.18,0.33,COMPLETE
541,0.05046666265774458,2026-03-11 12:34:11.943106,2026-03-11 12:34:15.449671,0 days 00:00:03.506565,1.24,True,120,30,10,0.2,0.6,0.30000000000000004,0.08,0.16999999999999998,0.12000000000000001,0.33,COMPLETE
542,0.07603792203243766,2026-03-11 12:34:15.449671,2026-03-11 12:34:19.112159,0 days 00:00:03.662488,1.23,True,130,31,10,0.2,0.6,0.30000000000000004,0.08,0.16,0.18,0.33,COMPLETE
543,0.03676279726112648,2026-03-11 12:34:19.112159,2026-03-11 12:34:23.008555,0 days 00:00:03.896396,1.24,True,130,29,3,0.2,0.6,0.35,0.08,0.15,0.18,0.33,COMPLETE
544,0.07557369016649898,2026-03-11 12:34:23.008555,2026-03-11 12:34:26.609390,0 days 00:00:03.600835,1.24,True,130,32,10,0.2,0.6,0.30000000000000004,0.08,0.16,0.19,0.33,COMPLETE
545,0.03846525638034798,2026-03-11 12:34:26.609390,2026-03-11 12:34:30.117301,0 days 00:00:03.507911,1.23,True,140,30,10,0.2,0.6,0.30000000000000004,0.06,0.16999999999999998,0.18,0.33,COMPLETE
546,0.1002000011851455,2026-03-11 12:34:30.117301,2026-03-11 12:34:33.893326,0 days 00:00:03.776025,1.23,True,130,30,10,0.15000000000000002,0.6,0.30000000000000004,0.08,0.16,0.18,0.33,COMPLETE
547,0.046827906413554166,2026-03-11 12:34:33.893326,2026-03-11 12:34:37.271348,0 days 00:00:03.378022,1.22,True,130,29,10,0.2,0.6,0.30000000000000004,0.08,0.3,0.18,0.33,COMPLETE
548,0.053665784542305625,2026-03-11 12:34:37.271348,2026-03-11 12:34:40.898626,0 days 00:00:03.627278,1.22,True,120,31,10,0.1,0.6,0.30000000000000004,0.08,0.16,0.18,0.2,COMPLETE
549,0.029364287234410442,2026-03-11 12:34:40.898626,2026-03-11 12:34:44.372585,0 days 00:00:03.473959,1.23,False,130,33,10,,,0.30000000000000004,0.08,0.15,0.18,0.33,COMPLETE
550,0.05305403221416022,2026-03-11 12:34:44.372585,2026-03-11 12:34:47.982097,0 days 00:00:03.609512,1.23,True,130,28,10,0.15000000000000002,0.6,0.30000000000000004,0.08,0.16,0.18,0.33,COMPLETE
551,0.039243480266556365,2026-03-11 12:34:47.982097,2026-03-11 12:34:51.212387,0 days 00:00:03.230290,1.23,True,60,30,8,0.2,0.6,0.30000000000000004,0.08,0.15,0.18,0.33,COMPLETE
552,0.03718575235941597,2026-03-11 12:34:51.212387,2026-03-11 12:34:54.871291,0 days 00:00:03.658904,1.17,True,120,29,10,0.2,0.6,0.30000000000000004,0.08,0.16999999999999998,0.18,0.33,COMPLETE
553,0.1002000011851455,2026-03-11 12:34:54.871291,2026-03-11 12:34:58.340040,0 days 00:00:03.468749,1.23,True,130,30,10,0.15000000000000002,0.6,0.30000000000000004,0.08,0.16,0.18,0.33,COMPLETE
554,0.01783132891454303,2026-03-11 12:34:58.340040,2026-03-11 12:35:01.706417,0 days 00:00:03.366377,1.22,True,140,34,10,0.15000000000000002,0.6,0.30000000000000004,0.08,0.28,0.18,0.33,COMPLETE
555,0.03869808599812254,2026-03-11 12:35:01.706417,2026-03-11 12:35:05.009072,0 days 00:00:03.302655,1.07,True,130,31,10,0.15000000000000002,0.4,0.30000000000000004,0.08,0.15,0.18,0.33,COMPLETE
556,0.07039311094633303,2026-03-11 12:35:05.009072,2026-03-11 12:35:08.662797,0 days 00:00:03.653725,1.23,True,130,30,9,0.15000000000000002,0.6,0.30000000000000004,0.08,0.16,0.14,0.33,COMPLETE
557,0.0513560968230443,2026-03-11 12:35:08.662797,2026-03-11 12:35:12.093838,0 days 00:00:03.431041,1.22,True,130,28,10,0.15000000000000002,0.6,0.30000000000000004,0.08,0.16999999999999998,0.18,0.33,COMPLETE
558,0.07897020418900341,2026-03-11 12:35:12.093838,2026-03-11 12:35:15.726907,0 days 00:00:03.633069,1.23,True,130,30,10,0.1,0.6,0.30000000000000004,0.08,0.16,0.18,0.33,COMPLETE
559,0.06031001321133893,2026-03-11 12:35:15.726907,2026-03-11 12:35:19.210705,0 days 00:00:03.483798,1.22,True,120,27,10,0.15000000000000002,0.5,0.30000000000000004,0.07,0.16,0.18,0.33,COMPLETE
560,0.05332820213661152,2026-03-11 12:35:19.210705,2026-03-11 12:35:22.836772,0 days 00:00:03.626067,1.23,True,130,32,10,0.15000000000000002,0.6,0.30000000000000004,0.08,0.15,0.18,0.33,COMPLETE
561,0.04292350701246966,2026-03-11 12:35:22.836772,2026-03-11 12:35:26.423165,0 days 00:00:03.586393,1.23,True,110,29,10,0.15000000000000002,0.6,0.30000000000000004,0.08,0.16999999999999998,0.18,0.33,COMPLETE
562,0.018259944753437233,2026-03-11 12:35:26.423165,2026-03-11 12:35:30.026562,0 days 00:00:03.603397,1.1600000000000001,True,140,31,10,0.2,0.6,0.30000000000000004,0.08,0.16,0.18,0.33,COMPLETE
563,0.0673520026434502,2026-03-11 12:35:30.026562,2026-03-11 12:35:33.642407,0 days 00:00:03.615845,1.23,True,130,29,10,0.15000000000000002,0.6,0.30000000000000004,0.08,0.16,0.15000000000000002,0.33,COMPLETE
564,0.1002000011851455,2026-03-11 12:35:33.642407,2026-03-11 12:35:37.284801,0 days 00:00:03.642394,1.23,True,130,30,10,0.15000000000000002,0.6,0.30000000000000004,0.08,0.16,0.18,0.33,COMPLETE
565,0.06811293004659037,2026-03-11 12:35:37.284801,2026-03-11 12:35:40.643227,0 days 00:00:03.358426,1.22,True,70,31,10,0.15000000000000002,0.6,0.30000000000000004,0.08,0.16999999999999998,0.17,0.33,COMPLETE
566,0.03725299790130831,2026-03-11 12:35:40.643227,2026-03-11 12:35:44.099546,0 days 00:00:03.456319,1.22,True,140,32,10,0.1,0.6,0.30000000000000004,0.08,0.15,0.18,0.33,COMPLETE
567,0.1002000011851455,2026-03-11 12:35:44.099546,2026-03-11 12:35:47.484818,0 days 00:00:03.385272,1.23,True,130,30,10,0.15000000000000002,0.6,0.30000000000000004,0.08,0.16,0.18,0.33,COMPLETE
568,0.07213026569269242,2026-03-11 12:35:47.485825,2026-03-11 12:35:51.123288,0 days 00:00:03.637463,1.23,True,130,31,10,0.15000000000000002,0.6,0.30000000000000004,0.08,0.16,0.18,0.33,COMPLETE
569,0.059034776192998725,2026-03-11 12:35:51.123288,2026-03-11 12:35:55.036272,0 days 00:00:03.912984,1.22,True,130,29,10,0.15000000000000002,0.6,0.30000000000000004,0.08,0.15,0.18,0.33,COMPLETE
570,0.053065691977204205,2026-03-11 12:35:55.036272,2026-03-11 12:35:58.683127,0 days 00:00:03.646855,1.23,True,120,30,9,0.15000000000000002,0.6,0.30000000000000004,0.08,0.16,0.18,0.2,COMPLETE
571,-100.0,2026-03-11 12:35:58.683127,2026-03-11 12:36:01.303097,0 days 00:00:02.619970,1.23,True,30,29,10,0.15000000000000002,0.6,0.30000000000000004,0.08,0.16999999999999998,0.17,0.33,COMPLETE
572,0.038513408291453985,2026-03-11 12:36:01.303097,2026-03-11 12:36:04.701795,0 days 00:00:03.398698,1.22,False,130,31,10,,,0.30000000000000004,0.08,0.16,0.18,0.33,COMPLETE
573,0.03750114485802179,2026-03-11 12:36:04.701795,2026-03-11 12:36:08.363517,0 days 00:00:03.661722,1.23,True,140,28,10,0.15000000000000002,0.6,0.35,0.08,0.15,0.18,0.33,COMPLETE
574,0.08221178686686179,2026-03-11 12:36:08.363517,2026-03-11 12:36:11.910772,0 days 00:00:03.547255,1.23,True,130,32,10,0.15000000000000002,0.6,0.30000000000000004,0.08,0.16,0.14,0.33,COMPLETE
575,0.05713551422352572,2026-03-11 12:36:11.910772,2026-03-11 12:36:15.573855,0 days 00:00:03.663083,1.22,True,130,30,4,0.15000000000000002,0.6,0.30000000000000004,0.07,0.16999999999999998,0.16,0.33,COMPLETE
576,0.05305403221416022,2026-03-11 12:36:15.573855,2026-03-11 12:36:19.248473,0 days 00:00:03.674618,1.23,True,130,28,10,0.15000000000000002,0.6,0.30000000000000004,0.08,0.16,0.18,0.33,COMPLETE
577,0.06492289485612548,2026-03-11 12:36:19.248473,2026-03-11 12:36:22.738378,0 days 00:00:03.489905,1.23,True,130,30,10,0.15000000000000002,0.6,0.30000000000000004,0.08,0.15,0.18,0.33,COMPLETE
578,0.103860667075669,2026-03-11 12:36:22.738378,2026-03-11 12:36:26.304973,0 days 00:00:03.566595,1.22,True,130,30,10,0.15000000000000002,0.6,0.30000000000000004,0.08,0.16,0.18,0.33,COMPLETE
579,0.07007201730183575,2026-03-11 12:36:26.304973,2026-03-11 12:36:29.804502,0 days 00:00:03.499529,1.22,True,130,31,10,0.15000000000000002,0.6,0.30000000000000004,0.08,0.16999999999999998,0.18,0.33,COMPLETE
580,0.013556812275758981,2026-03-11 12:36:29.804502,2026-03-11 12:36:33.107364,0 days 00:00:03.302862,1.22,True,120,48,10,0.15000000000000002,0.3,0.30000000000000004,0.08,0.16,0.18,0.33,COMPLETE
581,0.0652523823065843,2026-03-11 12:36:33.107364,2026-03-11 12:36:36.411817,0 days 00:00:03.304453,1.23,True,130,29,10,0.15000000000000002,0.6,0.30000000000000004,0.08,0.16999999999999998,0.17,0.33,COMPLETE
582,0.029307581721881158,2026-03-11 12:36:36.411817,2026-03-11 12:36:39.645567,0 days 00:00:03.233750,1.23,True,130,31,10,0.15000000000000002,0.6,0.30000000000000004,0.08,0.33999999999999997,0.18,0.33,COMPLETE
583,0.07718591804700413,2026-03-11 12:36:39.645567,2026-03-11 12:36:43.303817,0 days 00:00:03.658250,1.23,True,130,30,10,0.15000000000000002,0.6,0.30000000000000004,0.08,0.18,0.18,0.33,COMPLETE
584,0.06115784009325211,2026-03-11 12:36:43.303817,2026-03-11 12:36:46.718055,0 days 00:00:03.414238,1.22,True,120,27,9,0.15000000000000002,0.6,0.30000000000000004,0.08,0.16,0.18,0.33,COMPLETE
585,0.037216437132042215,2026-03-11 12:36:46.718055,2026-03-11 12:36:50.166463,0 days 00:00:03.448408,1.23,True,130,33,10,0.15000000000000002,0.6,0.30000000000000004,0.08,0.15,0.18,0.33,COMPLETE
586,0.029012616690489976,2026-03-11 12:36:50.166463,2026-03-11 12:36:53.906127,0 days 00:00:03.739664,1.23,True,140,29,10,0.15000000000000002,0.6,0.30000000000000004,0.08,0.16,0.17,0.33,COMPLETE
587,0.029723223458075917,2026-03-11 12:36:53.906127,2026-03-11 12:36:57.617564,0 days 00:00:03.711437,1.22,True,130,31,10,0.15000000000000002,0.6,0.30000000000000004,0.08,0.27,0.18,0.33,COMPLETE
588,0.09874526835123053,2026-03-11 12:36:57.617564,2026-03-11 12:37:01.174954,0 days 00:00:03.557390,1.21,True,130,30,10,0.15000000000000002,0.4,0.30000000000000004,0.08,0.16,0.18,0.33,COMPLETE
589,-100.0,2026-03-11 12:37:01.174954,2026-03-11 12:37:04.836187,0 days 00:00:03.661233,1.22,False,130,29,10,,,0.30000000000000004,0.04,0.15,0.18,0.33,COMPLETE
590,0.07135695190003627,2026-03-11 12:37:04.836187,2026-03-11 12:37:08.369066,0 days 00:00:03.532879,1.21,True,130,32,10,0.15000000000000002,0.4,0.30000000000000004,0.08,0.16999999999999998,0.18,0.33,COMPLETE
591,0.04437324607672235,2026-03-11 12:37:08.369066,2026-03-11 12:37:11.729370,0 days 00:00:03.360304,1.22,True,120,28,10,0.15000000000000002,0.3,0.30000000000000004,0.08,0.16,0.18,0.2,COMPLETE
592,0.030063488075573054,2026-03-11 12:37:11.729370,2026-03-11 12:37:15.462607,0 days 00:00:03.733237,1.21,True,140,30,6,0.15000000000000002,0.4,0.30000000000000004,0.08,0.16,0.18,0.33,COMPLETE
593,0.02214457474800448,2026-03-11 12:37:15.463852,2026-03-11 12:37:19.596627,0 days 00:00:04.132775,1.21,True,130,15,10,0.15000000000000002,0.3,0.30000000000000004,0.08,0.16,0.15000000000000002,0.33,COMPLETE
594,0.06492289485612548,2026-03-11 12:37:19.596627,2026-03-11 12:37:22.976191,0 days 00:00:03.379564,1.23,True,130,30,10,0.15000000000000002,0.6,0.30000000000000004,0.08,0.15,0.18,0.33,COMPLETE
595,0.032581975501888565,2026-03-11 12:37:22.976191,2026-03-11 12:37:26.666901,0 days 00:00:03.690710,1.22,True,140,31,10,0.15000000000000002,0.4,0.30000000000000004,0.08,0.16999999999999998,0.18,0.33,COMPLETE
596,0.0704694968322841,2026-03-11 12:37:26.666901,2026-03-11 12:37:30.382987,0 days 00:00:03.716086,1.22,True,130,29,10,0.15000000000000002,0.5,0.30000000000000004,0.08,0.16,0.17,0.33,COMPLETE
597,0.09239275242712892,2026-03-11 12:37:30.382987,2026-03-11 12:37:34.201853,0 days 00:00:03.818866,1.23,True,130,30,10,0.15000000000000002,0.4,0.30000000000000004,0.08,0.16,0.18,0.33,COMPLETE
598,0.02266361067148342,2026-03-11 12:37:34.201853,2026-03-11 12:37:37.653421,0 days 00:00:03.451568,1.12,True,130,29,10,0.15000000000000002,0.5,0.30000000000000004,0.08,0.15,0.18,0.33,COMPLETE
599,0.02857750725540115,2026-03-11 12:37:37.653421,2026-03-11 12:37:41.203754,0 days 00:00:03.550333,1.23,True,130,31,10,0.15000000000000002,0.3,0.30000000000000004,0.08,0.32,0.14,0.33,COMPLETE
600,0.07451743269407342,2026-03-11 12:37:41.203754,2026-03-11 12:37:44.559922,0 days 00:00:03.356168,1.21,True,120,25,10,0.15000000000000002,0.3,0.30000000000000004,0.08,0.16999999999999998,0.18,0.33,COMPLETE
601,0.007005208847496084,2026-03-11 12:37:44.559922,2026-03-11 12:37:47.884667,0 days 00:00:03.324745,1.23,True,130,43,10,0.15000000000000002,0.4,0.30000000000000004,0.08,0.16,0.18,0.33,COMPLETE
602,0.053634258134485205,2026-03-11 12:37:47.884667,2026-03-11 12:37:51.402575,0 days 00:00:03.517908,1.22,True,130,28,10,0.15000000000000002,0.5,0.30000000000000004,0.08,0.16,0.17,0.33,COMPLETE
