number,value,datetime_start,datetime_complete,duration,params_bias_entry_limit,params_enable_partial_exit,params_ma_long,params_ma_mid,params_ma_short,params_partial_exit_min_profit,params_partial_exit_pct,params_profit_tier1,params_stop_loss_pct,params_trailing_stop_pct,params_trailing_tier1,params_unit_size,state
0,,2026-03-11 15:43:36.246551,2026-03-11 15:43:36.246551,0 days 00:00:00,,,60,11,11,,,,,,,,PRUNED
1,-0.005129784130285546,2026-03-11 15:43:36.246551,2026-03-11 15:43:37.334436,0 days 00:00:01.087885,1.06,True,50,29,9,0.2,0.4,0.35,0.08,0.21,0.1,0.2,COMPLETE
2,-100.0,2026-03-11 15:43:37.334436,2026-03-11 15:43:38.454840,0 days 00:00:01.120404,1.1,False,40,28,5,,,0.2,0.06,0.27,0.13,0.33,COMPLETE
3,-100.0,2026-03-11 15:43:38.454840,2026-03-11 15:43:39.763080,0 days 00:00:01.308240,1.22,False,60,21,12,,,0.15,0.06,0.22999999999999998,0.18,0.2,COMPLETE
4,-100.0,2026-03-11 15:43:39.763080,2026-03-11 15:43:40.861853,0 days 00:00:01.098773,1.1300000000000001,False,30,28,9,,,0.45,0.04,0.28,0.13,0.33,COMPLETE
5,-100.0,2026-03-11 15:43:40.861853,2026-03-11 15:43:42.203984,0 days 00:00:01.342131,1.24,False,80,30,11,,,0.2,0.05,0.31,0.13,0.2,COMPLETE
6,-100.0,2026-03-11 15:43:42.203984,2026-03-11 15:43:43.565114,0 days 00:00:01.361130,1.22,True,80,30,9,0.1,0.3,0.30000000000000004,0.03,0.3,0.13,0.2,COMPLETE
7,-100.0,2026-03-11 15:43:43.565114,2026-03-11 15:43:44.761328,0 days 00:00:01.196214,1.12,True,70,39,4,0.2,0.6,0.25,0.04,0.21,0.12000000000000001,0.2,COMPLETE
8,-100.0,2026-03-11 15:43:44.762327,2026-03-11 15:43:45.812555,0 days 00:00:01.050228,1.19,True,30,25,3,0.05,0.5,0.30000000000000004,0.07,0.3,0.16,0.25,COMPLETE
9,,2026-03-11 15:43:45.812555,2026-03-11 15:43:45.812555,0 days 00:00:00,,,30,40,6,,,,,,,,PRUNED
10,0.09812117014077355,2026-03-11 15:43:45.812555,2026-03-11 15:43:47.111306,0 days 00:00:01.298751,1.05,True,50,17,8,0.2,0.3,0.45,0.08,0.15,0.1,0.25,COMPLETE
11,0.03950075161890452,2026-03-11 15:43:47.111306,2026-03-11 15:43:48.453065,0 days 00:00:01.341759,1.06,True,50,16,8,0.2,0.3,0.45,0.08,0.15,0.1,0.25,COMPLETE
12,0.037805363911314796,2026-03-11 15:43:48.453065,2026-03-11 15:43:49.849833,0 days 00:00:01.396768,1.05,True,50,15,7,0.2,0.3,0.45,0.08,0.15,0.1,0.25,COMPLETE
13,0.057295256664313204,2026-03-11 15:43:49.849833,2026-03-11 15:43:51.216494,0 days 00:00:01.366661,1.08,True,40,17,8,0.15000000000000002,0.3,0.4,0.08,0.16999999999999998,0.2,0.25,COMPLETE
14,0.034943350891808056,2026-03-11 15:43:51.216494,2026-03-11 15:43:52.484445,0 days 00:00:01.267951,1.09,True,40,21,7,0.15000000000000002,0.4,0.4,0.07,0.19,0.19,0.25,COMPLETE
15,0.03924283254692315,2026-03-11 15:43:52.484445,2026-03-11 15:43:54.062638,0 days 00:00:01.578193,1.17,True,40,11,8,0.15000000000000002,0.3,0.4,0.07,0.18,0.16,0.25,COMPLETE
16,0.12132269053363931,2026-03-11 15:43:54.062638,2026-03-11 15:43:55.401242,0 days 00:00:01.338604,1.08,True,40,18,10,0.15000000000000002,0.4,0.4,0.08,0.16999999999999998,0.2,0.25,COMPLETE
17,0.0371602257223309,2026-03-11 15:43:55.401242,2026-03-11 15:43:56.724105,0 days 00:00:01.322863,1.1400000000000001,True,60,19,11,0.1,0.4,0.35,0.07,0.24,0.18,0.25,COMPLETE
18,0.0027424419444056565,2026-03-11 15:43:56.724105,2026-03-11 15:43:58.008950,0 days 00:00:01.284845,1.11,True,70,23,10,0.15000000000000002,0.5,0.35,0.06,0.35,0.15000000000000002,0.25,COMPLETE
19,0.055975804592377595,2026-03-11 15:43:58.008950,2026-03-11 15:43:59.389203,0 days 00:00:01.380253,1.08,True,50,14,6,0.1,0.4,0.4,0.05,0.2,0.15000000000000002,0.33,COMPLETE
20,-100.0,2026-03-11 15:43:59.389203,2026-03-11 15:44:00.457449,0 days 00:00:01.068246,1.05,False,40,34,10,,,0.45,0.08,0.16999999999999998,0.17,0.25,COMPLETE
21,0.057295256664313204,2026-03-11 15:44:00.457449,2026-03-11 15:44:01.927616,0 days 00:00:01.470167,1.08,True,40,17,8,0.15000000000000002,0.3,0.4,0.08,0.16999999999999998,0.2,0.25,COMPLETE
22,0.03763685574924796,2026-03-11 15:44:01.927616,2026-03-11 15:44:03.257454,0 days 00:00:01.329838,1.08,True,40,19,10,0.15000000000000002,0.3,0.4,0.07,0.15,0.2,0.25,COMPLETE
23,0.05643770440430429,2026-03-11 15:44:03.257454,2026-03-11 15:44:04.729650,0 days 00:00:01.472196,1.1600000000000001,True,50,13,6,0.2,0.4,0.35,0.08,0.16999999999999998,0.19,0.25,COMPLETE
24,0.07874973826152273,2026-03-11 15:44:04.729650,2026-03-11 15:44:05.991902,0 days 00:00:01.262252,1.07,True,30,18,9,0.15000000000000002,0.5,0.45,0.07,0.19,0.2,0.25,COMPLETE
25,-100.0,2026-03-11 15:44:05.991902,2026-03-11 15:44:07.052917,0 days 00:00:01.061015,1.06,True,30,23,12,0.05,0.5,0.45,0.07,0.22,0.18,0.25,COMPLETE
26,0.05610476196084252,2026-03-11 15:44:07.052917,2026-03-11 15:44:08.228712,0 days 00:00:01.175795,1.1,True,30,20,9,0.1,0.6,0.45,0.07,0.19,0.11,0.33,COMPLETE
27,0.06519036176559422,2026-03-11 15:44:08.228712,2026-03-11 15:44:09.573163,0 days 00:00:01.344451,1.07,True,30,13,10,0.2,0.5,0.45,0.06,0.26,0.19,0.25,COMPLETE
28,-100.0,2026-03-11 15:44:09.573163,2026-03-11 15:44:10.785240,0 days 00:00:01.212077,1.11,False,50,25,7,,,0.4,0.08,0.15,0.15000000000000002,0.25,COMPLETE
29,,2026-03-11 15:44:10.785240,2026-03-11 15:44:10.788242,0 days 00:00:00.003002,,,60,10,11,,,,,,,,PRUNED
30,0.09199208327723747,2026-03-11 15:44:10.788242,2026-03-11 15:44:12.175075,0 days 00:00:01.386833,1.07,True,40,17,9,0.15000000000000002,0.5,0.35,0.07,0.19,0.17,0.25,COMPLETE
31,0.07008638698464399,2026-03-11 15:44:12.175075,2026-03-11 15:44:13.464693,0 days 00:00:01.289618,1.05,True,40,18,9,0.15000000000000002,0.5,0.35,0.07,0.18,0.17,0.25,COMPLETE
32,0.10853429287542044,2026-03-11 15:44:13.465631,2026-03-11 15:44:14.842583,0 days 00:00:01.376952,1.07,True,30,12,10,0.15000000000000002,0.5,0.4,0.08,0.2,0.19,0.25,COMPLETE
33,0.07960404808866453,2026-03-11 15:44:14.842583,2026-03-11 15:44:16.261428,0 days 00:00:01.418845,1.07,True,40,12,10,0.15000000000000002,0.6,0.30000000000000004,0.08,0.21,0.17,0.25,COMPLETE
34,0.05188950811269424,2026-03-11 15:44:16.261428,2026-03-11 15:44:17.658112,0 days 00:00:01.396684,1.09,True,50,14,11,0.1,0.4,0.35,0.08,0.16,0.19,0.25,COMPLETE
35,,2026-03-11 15:44:17.658112,2026-03-11 15:44:17.661665,0 days 00:00:00.003553,,,60,10,10,,,,,,,,PRUNED
36,0.01140473692639412,2026-03-11 15:44:17.661665,2026-03-11 15:44:18.754414,0 days 00:00:01.092749,1.1,True,30,22,12,0.2,0.5,0.35,0.08,0.2,0.14,0.33,COMPLETE
37,0.02612800686924746,2026-03-11 15:44:18.754414,2026-03-11 15:44:20.086275,0 days 00:00:01.331861,1.05,True,40,15,8,0.15000000000000002,0.5,0.4,0.06,0.22999999999999998,0.18,0.2,COMPLETE
38,0.05797385013955224,2026-03-11 15:44:20.086275,2026-03-11 15:44:21.409024,0 days 00:00:01.322749,1.06,False,70,16,9,,,0.25,0.08,0.21,0.16,0.25,COMPLETE
39,0.025499790663715802,2026-03-11 15:44:21.409024,2026-03-11 15:44:22.533348,0 days 00:00:01.124324,1.12,False,40,27,11,,,0.35,0.08,0.18,0.19,0.33,COMPLETE
40,0.0837133106310337,2026-03-11 15:44:22.533348,2026-03-11 15:44:23.891058,0 days 00:00:01.357710,1.09,True,30,12,9,0.15000000000000002,0.4,0.15,0.07,0.22999999999999998,0.14,0.2,COMPLETE
41,0.08666561342549332,2026-03-11 15:44:23.891058,2026-03-11 15:44:25.297446,0 days 00:00:01.406388,1.09,True,30,14,9,0.15000000000000002,0.4,0.15,0.07,0.25,0.12000000000000001,0.2,COMPLETE
42,0.1001048829422407,2026-03-11 15:44:25.297446,2026-03-11 15:44:26.679806,0 days 00:00:01.382360,1.07,True,30,15,10,0.15000000000000002,0.4,0.15,0.06,0.25,0.11,0.2,COMPLETE
43,0.01708130281200395,2026-03-11 15:44:26.679806,2026-03-11 15:44:27.827314,0 days 00:00:01.147508,1.07,True,30,20,10,0.2,0.4,0.25,0.05,0.16,0.11,0.2,COMPLETE
44,0.07143547522408313,2026-03-11 15:44:27.827314,2026-03-11 15:44:29.176857,0 days 00:00:01.349543,1.06,True,40,16,11,0.15000000000000002,0.5,0.2,0.06,0.26,0.11,0.2,COMPLETE
45,-100.0,2026-03-11 15:44:29.176857,2026-03-11 15:44:30.643779,0 days 00:00:01.466922,1.19,True,30,12,8,0.1,0.4,0.30000000000000004,0.04,0.33999999999999997,0.1,0.2,COMPLETE
46,-100.0,2026-03-11 15:44:30.643779,2026-03-11 15:44:31.816381,0 days 00:00:01.172602,1.06,False,50,33,7,,,0.4,0.03,0.2,0.1,0.2,COMPLETE
47,0.015033707106710937,2026-03-11 15:44:31.816381,2026-03-11 15:44:33.220767,0 days 00:00:01.404386,1.24,True,40,17,9,0.2,0.5,0.4,0.06,0.29000000000000004,0.12000000000000001,0.25,COMPLETE
48,0.07174658405331553,2026-03-11 15:44:33.220767,2026-03-11 15:44:34.551948,0 days 00:00:01.331181,1.1,True,30,15,5,0.15000000000000002,0.6,0.2,0.05,0.28,0.11,0.25,COMPLETE
49,0.025836762640257797,2026-03-11 15:44:34.551948,2026-03-11 15:44:35.846840,0 days 00:00:01.294892,1.07,True,40,18,10,0.1,0.5,0.30000000000000004,0.08,0.32,0.17,0.25,COMPLETE
50,0.1177922143568612,2026-03-11 15:44:35.846840,2026-03-11 15:44:37.199537,0 days 00:00:01.352697,1.1300000000000001,True,50,20,8,0.2,0.3,0.45,0.07,0.16,0.18,0.2,COMPLETE
51,0.10856483165877373,2026-03-11 15:44:37.199537,2026-03-11 15:44:38.666408,0 days 00:00:01.466871,1.1400000000000001,True,50,20,8,0.2,0.3,0.45,0.07,0.16,0.18,0.2,COMPLETE
52,0.10285289721913389,2026-03-11 15:44:38.666408,2026-03-11 15:44:40.011670,0 days 00:00:01.345262,1.1400000000000001,True,50,21,8,0.2,0.3,0.45,0.06,0.16,0.18,0.2,COMPLETE
53,0.05910382843139212,2026-03-11 15:44:40.011670,2026-03-11 15:44:41.333002,0 days 00:00:01.321332,1.1400000000000001,True,60,24,7,0.2,0.3,0.45,0.06,0.16,0.18,0.2,COMPLETE
54,0.09997686073948227,2026-03-11 15:44:41.333002,2026-03-11 15:44:42.629331,0 days 00:00:01.296329,1.1500000000000001,True,50,21,8,0.2,0.3,0.45,0.06,0.16,0.18,0.2,COMPLETE
55,0.06701669077018578,2026-03-11 15:44:42.629331,2026-03-11 15:44:43.920622,0 days 00:00:01.291291,1.1300000000000001,True,50,22,3,0.2,0.3,0.45,0.05,0.18,0.19,0.2,COMPLETE
56,0.08738863472019111,2026-03-11 15:44:43.920622,2026-03-11 15:44:45.255221,0 days 00:00:01.334599,1.1600000000000001,True,60,20,7,0.2,0.3,0.45,0.06,0.16999999999999998,0.2,0.2,COMPLETE
57,0.02612818968078842,2026-03-11 15:44:45.255221,2026-03-11 15:44:46.512398,0 days 00:00:01.257177,1.1300000000000001,True,50,26,8,0.2,0.3,0.4,0.07,0.15,0.18,0.2,COMPLETE
58,0.09128681725319761,2026-03-11 15:44:46.512398,2026-03-11 15:44:47.872632,0 days 00:00:01.360234,1.17,True,50,19,6,0.2,0.3,0.45,0.06,0.16,0.2,0.2,COMPLETE
59,0.06659675104000085,2026-03-11 15:44:47.872632,2026-03-11 15:44:49.279099,0 days 00:00:01.406467,1.12,False,60,22,5,,,0.4,0.07,0.18,0.16,0.2,COMPLETE
60,0.12074668697697323,2026-03-11 15:44:49.279099,2026-03-11 15:44:50.662948,0 days 00:00:01.383849,1.19,True,50,21,12,0.2,0.3,0.45,0.05,0.16999999999999998,0.19,0.2,COMPLETE
61,0.04925548733528068,2026-03-11 15:44:50.662948,2026-03-11 15:44:52.009191,0 days 00:00:01.346243,1.21,True,50,24,12,0.2,0.3,0.45,0.05,0.16999999999999998,0.19,0.2,COMPLETE
62,0.07305072328565189,2026-03-11 15:44:52.009191,2026-03-11 15:44:53.504555,0 days 00:00:01.495364,1.19,True,50,21,12,0.2,0.3,0.45,0.05,0.15,0.19,0.2,COMPLETE
63,0.08027168231955172,2026-03-11 15:44:53.504555,2026-03-11 15:44:55.401325,0 days 00:00:01.896770,1.1500000000000001,True,50,19,11,0.2,0.3,0.45,0.04,0.16999999999999998,0.2,0.2,COMPLETE
64,0.11391745663971418,2026-03-11 15:44:55.401325,2026-03-11 15:44:56.848804,0 days 00:00:01.447479,1.1800000000000002,True,50,23,10,0.2,0.3,0.4,0.06,0.16,0.18,0.2,COMPLETE
65,0.052226119439539725,2026-03-11 15:44:56.848804,2026-03-11 15:44:58.195589,0 days 00:00:01.346785,1.1800000000000002,True,50,23,8,0.2,0.3,0.4,0.05,0.16,0.18,0.2,COMPLETE
66,0.0341445634126555,2026-03-11 15:44:58.195589,2026-03-11 15:44:59.460810,0 days 00:00:01.265221,1.2,True,50,29,9,0.2,0.3,0.4,0.07,0.19,0.19,0.2,COMPLETE
67,0.010031672677442791,2026-03-11 15:44:59.460810,2026-03-11 15:45:00.781349,0 days 00:00:01.320539,1.1400000000000001,True,60,26,11,0.2,0.3,0.45,0.06,0.15,0.17,0.33,COMPLETE
68,0.05940195136838767,2026-03-11 15:45:00.781349,2026-03-11 15:45:02.118123,0 days 00:00:01.336774,1.17,True,60,24,7,0.2,0.3,0.4,0.07,0.18,0.18,0.2,COMPLETE
69,0.10807034406632023,2026-03-11 15:45:02.118123,2026-03-11 15:45:03.458976,0 days 00:00:01.340853,1.22,True,50,20,10,0.2,0.3,0.45,0.08,0.16999999999999998,0.19,0.2,COMPLETE
70,0.03441809688507308,2026-03-11 15:45:03.458976,2026-03-11 15:45:04.841643,0 days 00:00:01.382667,1.22,True,80,19,11,0.05,0.3,0.4,0.08,0.2,0.2,0.2,COMPLETE
71,0.09666553724502269,2026-03-11 15:45:04.841643,2026-03-11 15:45:06.189801,0 days 00:00:01.348158,1.25,True,50,21,10,0.2,0.3,0.45,0.08,0.16999999999999998,0.19,0.2,COMPLETE
72,0.13741555242057923,2026-03-11 15:45:06.189801,2026-03-11 15:45:07.497076,0 days 00:00:01.307275,1.1600000000000001,True,50,23,10,0.2,0.3,0.45,0.08,0.16,0.18,0.2,COMPLETE
73,0.10582721978170488,2026-03-11 15:45:07.497076,2026-03-11 15:45:08.809263,0 days 00:00:01.312187,1.1800000000000002,True,50,23,10,0.2,0.3,0.45,0.08,0.18,0.19,0.2,COMPLETE
74,0.08830767343591438,2026-03-11 15:45:08.809263,2026-03-11 15:45:10.103325,0 days 00:00:01.294062,1.1600000000000001,True,50,22,12,0.2,0.3,0.45,0.08,0.15,0.18,0.2,COMPLETE
75,0.048177197163031364,2026-03-11 15:45:10.103325,2026-03-11 15:45:11.403246,0 days 00:00:01.299921,1.22,True,40,20,10,0.2,0.3,0.45,0.08,0.19,0.2,0.2,COMPLETE
76,0.08136687626240283,2026-03-11 15:45:11.403246,2026-03-11 15:45:12.805076,0 days 00:00:01.401830,1.21,False,70,18,11,,,0.4,0.08,0.16,0.17,0.33,COMPLETE
77,0.07666575300958832,2026-03-11 15:45:12.805076,2026-03-11 15:45:14.104819,0 days 00:00:01.299743,1.1800000000000002,True,50,26,10,0.2,0.3,0.4,0.08,0.16999999999999998,0.19,0.2,COMPLETE
78,0.05372495304907459,2026-03-11 15:45:14.104819,2026-03-11 15:45:15.443527,0 days 00:00:01.338708,1.2,True,40,20,9,0.2,0.3,0.45,0.08,0.18,0.18,0.2,COMPLETE
79,0.08464231038360101,2026-03-11 15:45:15.443527,2026-03-11 15:45:16.772992,0 days 00:00:01.329465,1.1600000000000001,True,60,22,11,0.2,0.4,0.45,0.07,0.15,0.2,0.2,COMPLETE
80,0.03790263002273852,2026-03-11 15:45:16.772992,2026-03-11 15:45:18.105368,0 days 00:00:01.332376,1.23,True,50,23,9,0.15000000000000002,0.3,0.45,0.08,0.19,0.17,0.2,COMPLETE
81,0.13438279246321996,2026-03-11 15:45:18.105368,2026-03-11 15:45:19.355121,0 days 00:00:01.249753,1.1800000000000002,True,50,23,10,0.2,0.3,0.45,0.08,0.16999999999999998,0.19,0.2,COMPLETE
82,0.08690390239411727,2026-03-11 15:45:19.355121,2026-03-11 15:45:20.635262,0 days 00:00:01.280141,1.17,True,50,25,10,0.2,0.3,0.45,0.08,0.16,0.19,0.2,COMPLETE
83,0.08818213527149707,2026-03-11 15:45:20.635262,2026-03-11 15:45:21.887525,0 days 00:00:01.252263,1.2,True,50,25,10,0.2,0.3,0.45,0.08,0.16999999999999998,0.19,0.2,COMPLETE
84,0.065364467291516,2026-03-11 15:45:21.887525,2026-03-11 15:45:23.118175,0 days 00:00:01.230650,1.1800000000000002,True,40,24,11,0.2,0.3,0.4,0.08,0.16,0.18,0.25,COMPLETE
85,0.027808565858010174,2026-03-11 15:45:23.118175,2026-03-11 15:45:24.483408,0 days 00:00:01.365233,1.19,True,50,18,10,0.2,0.4,0.4,0.07,0.22,0.19,0.2,COMPLETE
86,0.04858397046084144,2026-03-11 15:45:24.483408,2026-03-11 15:45:25.741705,0 days 00:00:01.258297,1.1500000000000001,True,50,27,9,0.15000000000000002,0.3,0.45,0.08,0.18,0.2,0.33,COMPLETE
87,0.16696754765806116,2026-03-11 15:45:25.741705,2026-03-11 15:45:27.120085,0 days 00:00:01.378380,1.11,True,50,21,12,0.2,0.3,0.45,0.08,0.16999999999999998,0.18,0.25,COMPLETE
88,0.08359810310606645,2026-03-11 15:45:27.120085,2026-03-11 15:45:28.350054,0 days 00:00:01.229969,1.12,False,40,21,12,,,0.35,0.07,0.2,0.18,0.25,COMPLETE
89,0.17480145708022565,2026-03-11 15:45:28.350054,2026-03-11 15:45:29.663511,0 days 00:00:01.313457,1.1300000000000001,True,60,22,12,0.2,0.3,0.4,0.08,0.16,0.18,0.25,COMPLETE
90,0.0831724702058864,2026-03-11 15:45:29.663511,2026-03-11 15:45:30.967106,0 days 00:00:01.303595,1.1300000000000001,True,60,23,12,0.2,0.3,0.45,0.08,0.15,0.17,0.25,COMPLETE
91,0.10268446108404086,2026-03-11 15:45:30.967106,2026-03-11 15:45:32.257271,0 days 00:00:01.290165,1.11,True,60,22,12,0.2,0.3,0.4,0.08,0.16,0.18,0.25,COMPLETE
92,0.058368527788957805,2026-03-11 15:45:32.257271,2026-03-11 15:45:33.585617,0 days 00:00:01.328346,1.11,True,60,24,12,0.2,0.3,0.35,0.08,0.16999999999999998,0.18,0.25,COMPLETE
93,0.1993332878175664,2026-03-11 15:45:33.585617,2026-03-11 15:45:34.977443,0 days 00:00:01.391826,1.1400000000000001,True,50,22,12,0.2,0.3,0.4,0.08,0.16,0.17,0.25,COMPLETE
94,0.117189874970858,2026-03-11 15:45:34.977443,2026-03-11 15:45:36.349481,0 days 00:00:01.372038,1.1400000000000001,True,50,21,12,0.2,0.3,0.4,0.08,0.15,0.17,0.25,COMPLETE
95,0.13240444498820034,2026-03-11 15:45:36.349481,2026-03-11 15:45:37.661213,0 days 00:00:01.311732,1.1300000000000001,True,50,22,12,0.2,0.3,0.4,0.08,0.15,0.16,0.25,COMPLETE
96,-0.0009127000197928682,2026-03-11 15:45:37.661213,2026-03-11 15:45:38.795763,0 days 00:00:01.134550,1.12,True,50,37,12,0.2,0.3,0.4,0.08,0.15,0.16,0.25,COMPLETE
97,0.13240444498820034,2026-03-11 15:45:38.795763,2026-03-11 15:45:40.156682,0 days 00:00:01.360919,1.1300000000000001,True,50,22,12,0.2,0.3,0.4,0.08,0.15,0.17,0.25,COMPLETE
98,0.10014770442722054,2026-03-11 15:45:40.156682,2026-03-11 15:45:41.642916,0 days 00:00:01.486234,1.1500000000000001,True,60,22,12,0.2,0.3,0.35,0.08,0.15,0.16,0.25,COMPLETE
99,0.1512474118871857,2026-03-11 15:45:41.642916,2026-03-11 15:45:43.000737,0 days 00:00:01.357821,1.1300000000000001,True,50,20,11,0.2,0.3,0.4,0.08,0.18,0.16,0.25,COMPLETE
